Start testing: Feb 27 12:18 CST
----------------------------------------------------------
1/71 Testing: HelloTest.BasicAssertions
1/71 Test: HelloTest.BasicAssertions
Command: "/home/sa/Cpp/cmake_project_test/IndexProject/build/hello_test" "--gtest_filter=HelloTest.BasicAssertions" "--gtest_also_run_disabled_tests"
Directory: /home/sa/Cpp/cmake_project_test/IndexProject/build
"HelloTest.BasicAssertions" start time: Feb 27 12:18 CST
Output:
----------------------------------------------------------
Running main() from /home/sa/Cpp/cmake_project_test/IndexProject/build/_deps/googletest-src/googletest/src/gtest_main.cc
Note: Google Test filter = HelloTest.BasicAssertions
[==========] Running 1 test from 1 test suite.
[----------] Global test environment set-up.
[----------] 1 test from HelloTest
[ RUN      ] HelloTest.BasicAssertions
[       OK ] HelloTest.BasicAssertions (0 ms)
[----------] 1 test from HelloTest (0 ms total)

[----------] Global test environment tear-down
[==========] 1 test from 1 test suite ran. (0 ms total)
[  PASSED  ] 1 test.
<end of output>
Test time =   0.00 sec
----------------------------------------------------------
Test Passed.
"HelloTest.BasicAssertions" end time: Feb 27 12:18 CST
"HelloTest.BasicAssertions" time elapsed: 00:00:00
----------------------------------------------------------

2/71 Testing: benchmark
2/71 Test: benchmark
Command: "/home/sa/Cpp/cmake_project_test/IndexProject/build/_deps/benchmark-build/test/benchmark_test" "--benchmark_min_time=0.01"
Directory: /home/sa/Cpp/cmake_project_test/IndexProject/build/_deps/benchmark-build/test
"benchmark" start time: Feb 27 12:18 CST
Output:
----------------------------------------------------------
2022-02-27T12:18:02+08:00
Running /home/sa/Cpp/cmake_project_test/IndexProject/build/_deps/benchmark-build/test/benchmark_test
Run on (8 X 3300 MHz CPU s)
CPU Caches:
  L1 Data 32 KiB (x1)
  L1 Instruction 32 KiB (x1)
  L2 Unified 256 KiB (x1)
  L3 Unified 25600 KiB (x1)
Load Average: 0.59, 0.63, 0.45
-----------------------------------------------------------------------------------
Benchmark                                         Time             CPU   Iterations
-----------------------------------------------------------------------------------
BM_Factorial                                  0.000 ns        0.000 ns   1000000000 40320
BM_Factorial/real_time                        0.000 ns        0.000 ns   1000000000 40320
BM_CalculatePiRange/1                          2.44 ns         2.43 ns      4584979 0
BM_CalculatePiRange/8                          51.3 ns         51.3 ns       469344 3.28374
BM_CalculatePiRange/64                          525 ns          526 ns        27465 3.15746
BM_CalculatePiRange/512                        4127 ns         4128 ns         3254 3.14355
BM_CalculatePiRange/4096                      33119 ns        33122 ns          404 3.14184
BM_CalculatePiRange/32768                    241568 ns       239194 ns           53 3.14162
BM_CalculatePiRange/262144                  1102334 ns      1102469 ns           13 3.1416
BM_CalculatePiRange/1048576                 4858199 ns      4839432 ns            3 3.14159
BM_CalculatePi/threads:8                        672 ns         5329 ns         2728
BM_CalculatePi/threads:1                       5222 ns         5204 ns         3108
BM_CalculatePi/threads:2                       2619 ns         5238 ns         2430
BM_CalculatePi/threads:4                       1176 ns         4705 ns         2852
BM_CalculatePi/threads:8                        645 ns         5160 ns         3368
BM_CalculatePi/threads:16                       328 ns         5159 ns         2704
BM_CalculatePi/threads:32                       163 ns         5206 ns         2944
BM_CalculatePi/threads:8                        644 ns         5157 ns         2760
BM_SetInsert/1024/128                         18078 ns        17887 ns          788 bytes_per_second=27.2976M/s items_per_second=7.1559M/s
BM_SetInsert/4096/128                         20695 ns        19758 ns          710 bytes_per_second=24.7135M/s items_per_second=6.47849M/s
BM_SetInsert/8192/128                         24128 ns        22520 ns          692 bytes_per_second=21.6821M/s items_per_second=5.68382M/s
BM_SetInsert/1024/512                        199200 ns       199197 ns           70 bytes_per_second=9.80498M/s items_per_second=2.57032M/s
BM_SetInsert/4096/512                         79206 ns        78260 ns          134 bytes_per_second=24.9569M/s items_per_second=6.5423M/s
BM_SetInsert/8192/512                         80091 ns        78873 ns          174 bytes_per_second=24.7629M/s items_per_second=6.49146M/s
BM_Sequential<std::vector<int>,int>/1          1.82 ns         1.82 ns      7798583 bytes_per_second=2.04934G/s items_per_second=550.115M/s
BM_Sequential<std::vector<int>,int>/8          90.6 ns         90.7 ns       149235 bytes_per_second=336.648M/s items_per_second=88.2502M/s
BM_Sequential<std::vector<int>,int>/64          215 ns          215 ns        62651 bytes_per_second=1.10801G/s items_per_second=297.43M/s
BM_Sequential<std::vector<int>,int>/512         690 ns          689 ns        20077 bytes_per_second=2.76929G/s items_per_second=743.377M/s
BM_Sequential<std::vector<int>,int>/1024       1128 ns         1128 ns        13134 bytes_per_second=3.38118G/s items_per_second=907.629M/s
BM_Sequential<std::list<int>>/1               0.929 ns        0.930 ns     15689296 bytes_per_second=4.00553G/s items_per_second=1075.23M/s
BM_Sequential<std::list<int>>/8                 143 ns          143 ns        93976 bytes_per_second=213.713M/s items_per_second=56.0235M/s
BM_Sequential<std::list<int>>/64               2226 ns         2228 ns         6333 bytes_per_second=109.567M/s items_per_second=28.7223M/s
BM_Sequential<std::list<int>>/512             18550 ns        18552 ns          749 bytes_per_second=105.281M/s items_per_second=27.5987M/s
BM_Sequential<std::list<int>>/1024            38547 ns        38556 ns          384 bytes_per_second=101.314M/s items_per_second=26.5589M/s
BM_Sequential<std::vector<int>, int>/512        693 ns          693 ns        19781 bytes_per_second=2.75102G/s items_per_second=738.471M/s
BM_StringCompare/1                             3.94 ns         3.94 ns      3563037
BM_StringCompare/8                             4.20 ns         4.20 ns      3291024
BM_StringCompare/64                            5.88 ns         5.88 ns      2427963
BM_StringCompare/512                           21.7 ns         21.7 ns       636137
BM_StringCompare/4096                           122 ns          122 ns       113020
BM_StringCompare/32768                         1196 ns         1196 ns        11361
BM_StringCompare/262144                       12052 ns        12054 ns         1116
BM_StringCompare/1048576                      60201 ns        60204 ns          232
BM_SetupTeardown/threads:8                     76.7 ns          466 ns        50712
BM_LongTest/65536                            229908 ns       229924 ns           65
BM_LongTest/262144                           794034 ns       794089 ns           17
BM_LongTest/2097152                         6337140 ns      6337532 ns            2
BM_LongTest/16777216                       47322008 ns     47283117 ns            1
BM_LongTest/134217728                     417671837 ns    417645402 ns            1
BM_LongTest/268435456                     765176248 ns    765189316 ns            1
BM_ParallelMemset/10485760/threads:1        2536071 ns      2536639 ns            6
BM_ParallelMemset/10485760/threads:2         883262 ns      1766945 ns           12
BM_ParallelMemset/10485760/threads:4         188929 ns       756623 ns           20
BM_ManualTiming/1/real_time                  497171 ns        12201 ns           28 items_per_second=2.01138k/s
BM_ManualTiming/8/real_time                  499847 ns        13026 ns           28 items_per_second=16.0049k/s
BM_ManualTiming/64/real_time                 498128 ns        13529 ns           28 items_per_second=128.481k/s
BM_ManualTiming/512/real_time               1003748 ns        12483 ns           10 items_per_second=510.088k/s
BM_ManualTiming/4096/real_time              4484039 ns        12628 ns            3 items_per_second=913.462k/s
BM_ManualTiming/16384/real_time            16468649 ns        14474 ns            1 items_per_second=994.86k/s
BM_ManualTiming/1/manual_time                501027 ns        12829 ns           28 items_per_second=1.9959k/s
BM_ManualTiming/8/manual_time                480211 ns        12628 ns           28 items_per_second=16.6593k/s
BM_ManualTiming/64/manual_time               465548 ns        13855 ns           28 items_per_second=137.472k/s
BM_ManualTiming/512/manual_time             1004208 ns        16140 ns           15 items_per_second=509.855k/s
BM_ManualTiming/4096/manual_time            4498388 ns        13820 ns            3 items_per_second=910.548k/s
BM_ManualTiming/16384/manual_time          16967533 ns        31107 ns            1 items_per_second=965.609k/s
BM_with_args/int_test                         0.000 ns        0.000 ns   1000000000
BM_with_args/string_and_pair_test             0.000 ns        0.000 ns   1000000000
BM_non_template_args/basic_test               0.337 ns        0.337 ns     35660086
BM_DenseThreadRanges/1/threads:1              0.295 ns        0.295 ns     46635266
BM_DenseThreadRanges/1/threads:2              0.147 ns        0.294 ns     46537162
BM_DenseThreadRanges/1/threads:3              0.100 ns        0.300 ns     48945225
BM_DenseThreadRanges/2/threads:1              0.305 ns        0.305 ns     47160135
BM_DenseThreadRanges/2/threads:3              0.094 ns        0.284 ns     46294122
BM_DenseThreadRanges/2/threads:4              0.073 ns        0.292 ns     47702688
BM_DenseThreadRanges/3/threads:5              0.057 ns        0.284 ns     49659125
BM_DenseThreadRanges/3/threads:8              0.048 ns        0.380 ns     36868208
BM_DenseThreadRanges/3/threads:11             0.031 ns        0.337 ns     40382122
BM_DenseThreadRanges/3/threads:14             0.027 ns        0.378 ns     37838346
<end of output>
Test time =   3.35 sec
----------------------------------------------------------
Test Passed.
"benchmark" end time: Feb 27 12:18 CST
"benchmark" time elapsed: 00:00:03
----------------------------------------------------------

3/71 Testing: spec_arg
3/71 Test: spec_arg
Command: "/home/sa/Cpp/cmake_project_test/IndexProject/build/_deps/benchmark-build/test/spec_arg_test" "--benchmark_filter=BM_NotChosen"
Directory: /home/sa/Cpp/cmake_project_test/IndexProject/build/_deps/benchmark-build/test
"spec_arg" start time: Feb 27 12:18 CST
Output:
----------------------------------------------------------
2022-02-27T12:18:06+08:00
Running /home/sa/Cpp/cmake_project_test/IndexProject/build/_deps/benchmark-build/test/spec_arg_test
Run on (8 X 3300 MHz CPU s)
CPU Caches:
  L1 Data 32 KiB (x1)
  L1 Instruction 32 KiB (x1)
  L2 Unified 256 KiB (x1)
  L3 Unified 25600 KiB (x1)
Load Average: 0.94, 0.70, 0.47
-----------------------------------------------------
Benchmark           Time             CPU   Iterations
-----------------------------------------------------
[0;32mBM_Chosen  [m[0;33m     0.000 ns        0.000 ns   [m[0;36m1000000000[m
[m
<end of output>
Test time =   0.04 sec
----------------------------------------------------------
Test Passed.
"spec_arg" end time: Feb 27 12:18 CST
"spec_arg" time elapsed: 00:00:00
----------------------------------------------------------

4/71 Testing: benchmark_setup_teardown
4/71 Test: benchmark_setup_teardown
Command: "/home/sa/Cpp/cmake_project_test/IndexProject/build/_deps/benchmark-build/test/benchmark_setup_teardown_test"
Directory: /home/sa/Cpp/cmake_project_test/IndexProject/build/_deps/benchmark-build/test
"benchmark_setup_teardown" start time: Feb 27 12:18 CST
Output:
----------------------------------------------------------
2022-02-27T12:18:06+08:00
Running /home/sa/Cpp/cmake_project_test/IndexProject/build/_deps/benchmark-build/test/benchmark_setup_teardown_test
Run on (8 X 3300 MHz CPU s)
CPU Caches:
  L1 Data 32 KiB (x1)
  L1 Instruction 32 KiB (x1)
  L2 Unified 256 KiB (x1)
  L3 Unified 25600 KiB (x1)
Load Average: 0.94, 0.70, 0.47
-----------------------------------------------------------------------------------------------------
Benchmark                                                           Time             CPU   Iterations
-----------------------------------------------------------------------------------------------------
BM_with_setup/1/iterations:100                                   32.6 ns         14.1 ns          100
BM_with_setup/3/iterations:100                                   19.3 ns         12.8 ns          100
BM_with_setup/5/iterations:100                                   8.36 ns         7.05 ns          100
BM_with_setup/7/iterations:100                                   7.80 ns         6.63 ns          100
BM_concurrent/iterations:100/threads:5                           3.96 ns         14.6 ns          500
BM_concurrent/iterations:100/threads:10                          1.68 ns         12.8 ns         1000
BM_concurrent/iterations:100/threads:15                          1.12 ns         12.8 ns         1500
MyFixture/BM_WithFixture                                        0.000 ns        0.000 ns   1000000000
MyFixture/BM_WithFixture/1/iterations:100/repeats:1               161 ns          156 ns          100
MyFixture/BM_WithFixture/3/iterations:100/repeats:1              9.05 ns         7.45 ns          100
MyFixture/BM_WithFixture/5/iterations:100/repeats:1              10.1 ns         8.27 ns          100
MyFixture/BM_WithFixture/7/iterations:100/repeats:1              72.6 ns         44.2 ns          100
BM_WithRep/1/iterations:100/repeats:4                            28.7 ns         19.8 ns          100
BM_WithRep/1/iterations:100/repeats:4                            12.1 ns         10.9 ns          100
BM_WithRep/1/iterations:100/repeats:4                            11.2 ns         10.6 ns          100
BM_WithRep/1/iterations:100/repeats:4                            14.3 ns         11.3 ns          100
BM_WithRep/1/iterations:100/repeats:4_mean                       16.6 ns         13.2 ns            4
BM_WithRep/1/iterations:100/repeats:4_median                     13.2 ns         11.1 ns            4
BM_WithRep/1/iterations:100/repeats:4_stddev                     8.17 ns         4.46 ns            4
BM_WithRep/1/iterations:100/repeats:4_cv                        49.24 %         33.81 %             4
BM_WithRep/3/iterations:100/repeats:4                            24.7 ns         16.6 ns          100
BM_WithRep/3/iterations:100/repeats:4                            11.2 ns         10.8 ns          100
BM_WithRep/3/iterations:100/repeats:4                            12.5 ns         10.9 ns          100
BM_WithRep/3/iterations:100/repeats:4                            10.9 ns         10.7 ns          100
BM_WithRep/3/iterations:100/repeats:4_mean                       14.8 ns         12.2 ns            4
BM_WithRep/3/iterations:100/repeats:4_median                     11.9 ns         10.8 ns            4
BM_WithRep/3/iterations:100/repeats:4_stddev                     6.64 ns         2.91 ns            4
BM_WithRep/3/iterations:100/repeats:4_cv                        44.72 %         23.77 %             4
BM_WithRep/5/iterations:100/repeats:4                            32.0 ns         21.7 ns          100
BM_WithRep/5/iterations:100/repeats:4                            11.9 ns         11.5 ns          100
BM_WithRep/5/iterations:100/repeats:4                            11.4 ns         10.8 ns          100
BM_WithRep/5/iterations:100/repeats:4                            11.2 ns         10.9 ns          100
BM_WithRep/5/iterations:100/repeats:4_mean                       16.6 ns         13.7 ns            4
BM_WithRep/5/iterations:100/repeats:4_median                     11.7 ns         11.2 ns            4
BM_WithRep/5/iterations:100/repeats:4_stddev                     10.3 ns         5.33 ns            4
BM_WithRep/5/iterations:100/repeats:4_cv                        61.76 %         38.88 %             4
BM_WithRep/7/iterations:100/repeats:4                            29.3 ns         21.0 ns          100
BM_WithRep/7/iterations:100/repeats:4                            11.2 ns         10.8 ns          100
BM_WithRep/7/iterations:100/repeats:4                            11.4 ns         10.7 ns          100
BM_WithRep/7/iterations:100/repeats:4                            10.9 ns         10.7 ns          100
BM_WithRep/7/iterations:100/repeats:4_mean                       15.7 ns         13.3 ns            4
BM_WithRep/7/iterations:100/repeats:4_median                     11.3 ns         10.8 ns            4
BM_WithRep/7/iterations:100/repeats:4_stddev                     9.08 ns         5.11 ns            4
BM_WithRep/7/iterations:100/repeats:4_cv                        57.74 %         38.41 %             4
<end of output>
Test time =   0.05 sec
----------------------------------------------------------
Test Passed.
"benchmark_setup_teardown" end time: Feb 27 12:18 CST
"benchmark_setup_teardown" time elapsed: 00:00:00
----------------------------------------------------------

5/71 Testing: filter_simple
5/71 Test: filter_simple
Command: "/home/sa/Cpp/cmake_project_test/IndexProject/build/_deps/benchmark-build/test/filter_test" "--benchmark_min_time=0.01" "--benchmark_filter=Foo" "3"
Directory: /home/sa/Cpp/cmake_project_test/IndexProject/build/_deps/benchmark-build/test
"filter_simple" start time: Feb 27 12:18 CST
Output:
----------------------------------------------------------
2022-02-27T12:18:06+08:00
Running /home/sa/Cpp/cmake_project_test/IndexProject/build/_deps/benchmark-build/test/filter_test
Run on (8 X 3300 MHz CPU s)
CPU Caches:
  L1 Data 32 KiB (x1)
  L1 Instruction 32 KiB (x1)
  L2 Unified 256 KiB (x1)
  L3 Unified 25600 KiB (x1)
Load Average: 0.94, 0.70, 0.47
-----------------------------------------------------
Benchmark           Time             CPU   Iterations
-----------------------------------------------------
[0;32mBM_Foo     [m[0;33m     0.000 ns        0.000 ns   [m[0;36m1000000000[m
[m[0;32mBM_FooBar  [m[0;33m     0.000 ns        0.000 ns   [m[0;36m1000000000[m
[m[0;32mBM_FooBa   [m[0;33m     0.000 ns        0.000 ns   [m[0;36m1000000000[m
[m
<end of output>
Test time =   0.04 sec
----------------------------------------------------------
Test Passed.
"filter_simple" end time: Feb 27 12:18 CST
"filter_simple" time elapsed: 00:00:00
----------------------------------------------------------

6/71 Testing: filter_simple_list_only
6/71 Test: filter_simple_list_only
Command: "/home/sa/Cpp/cmake_project_test/IndexProject/build/_deps/benchmark-build/test/filter_test" "--benchmark_list_tests" "--benchmark_filter=Foo" "3"
Directory: /home/sa/Cpp/cmake_project_test/IndexProject/build/_deps/benchmark-build/test
"filter_simple_list_only" start time: Feb 27 12:18 CST
Output:
----------------------------------------------------------
BM_Foo
BM_FooBar
BM_FooBa
<end of output>
Test time =   0.00 sec
----------------------------------------------------------
Test Passed.
"filter_simple_list_only" end time: Feb 27 12:18 CST
"filter_simple_list_only" time elapsed: 00:00:00
----------------------------------------------------------

7/71 Testing: filter_simple_negative
7/71 Test: filter_simple_negative
Command: "/home/sa/Cpp/cmake_project_test/IndexProject/build/_deps/benchmark-build/test/filter_test" "--benchmark_min_time=0.01" "--benchmark_filter=-Foo" "2"
Directory: /home/sa/Cpp/cmake_project_test/IndexProject/build/_deps/benchmark-build/test
"filter_simple_negative" start time: Feb 27 12:18 CST
Output:
----------------------------------------------------------
2022-02-27T12:18:06+08:00
Running /home/sa/Cpp/cmake_project_test/IndexProject/build/_deps/benchmark-build/test/filter_test
Run on (8 X 3300 MHz CPU s)
CPU Caches:
  L1 Data 32 KiB (x1)
  L1 Instruction 32 KiB (x1)
  L2 Unified 256 KiB (x1)
  L3 Unified 25600 KiB (x1)
Load Average: 0.94, 0.70, 0.47
-----------------------------------------------------
Benchmark           Time             CPU   Iterations
-----------------------------------------------------
[0;32mNoPrefix   [m[0;33m     0.000 ns        0.000 ns   [m[0;36m1000000000[m
[m[0;32mBM_Bar     [m[0;33m     0.000 ns        0.000 ns   [m[0;36m1000000000[m
[m
<end of output>
Test time =   0.04 sec
----------------------------------------------------------
Test Passed.
"filter_simple_negative" end time: Feb 27 12:18 CST
"filter_simple_negative" time elapsed: 00:00:00
----------------------------------------------------------

8/71 Testing: filter_simple_negative_list_only
8/71 Test: filter_simple_negative_list_only
Command: "/home/sa/Cpp/cmake_project_test/IndexProject/build/_deps/benchmark-build/test/filter_test" "--benchmark_list_tests" "--benchmark_filter=-Foo" "2"
Directory: /home/sa/Cpp/cmake_project_test/IndexProject/build/_deps/benchmark-build/test
"filter_simple_negative_list_only" start time: Feb 27 12:18 CST
Output:
----------------------------------------------------------
NoPrefix
BM_Bar
<end of output>
Test time =   0.00 sec
----------------------------------------------------------
Test Passed.
"filter_simple_negative_list_only" end time: Feb 27 12:18 CST
"filter_simple_negative_list_only" time elapsed: 00:00:00
----------------------------------------------------------

9/71 Testing: filter_suffix
9/71 Test: filter_suffix
Command: "/home/sa/Cpp/cmake_project_test/IndexProject/build/_deps/benchmark-build/test/filter_test" "--benchmark_min_time=0.01" "--benchmark_filter=BM_.*" "4"
Directory: /home/sa/Cpp/cmake_project_test/IndexProject/build/_deps/benchmark-build/test
"filter_suffix" start time: Feb 27 12:18 CST
Output:
----------------------------------------------------------
2022-02-27T12:18:06+08:00
Running /home/sa/Cpp/cmake_project_test/IndexProject/build/_deps/benchmark-build/test/filter_test
Run on (8 X 3300 MHz CPU s)
CPU Caches:
  L1 Data 32 KiB (x1)
  L1 Instruction 32 KiB (x1)
  L2 Unified 256 KiB (x1)
  L3 Unified 25600 KiB (x1)
Load Average: 0.94, 0.70, 0.47
-----------------------------------------------------
Benchmark           Time             CPU   Iterations
-----------------------------------------------------
[0;32mBM_Foo     [m[0;33m     0.000 ns        0.000 ns   [m[0;36m1000000000[m
[m[0;32mBM_Bar     [m[0;33m     0.000 ns        0.000 ns   [m[0;36m1000000000[m
[m[0;32mBM_FooBar  [m[0;33m     0.000 ns        0.000 ns   [m[0;36m1000000000[m
[m[0;32mBM_FooBa   [m[0;33m     0.000 ns        0.000 ns   [m[0;36m1000000000[m
[m
<end of output>
Test time =   0.04 sec
----------------------------------------------------------
Test Passed.
"filter_suffix" end time: Feb 27 12:18 CST
"filter_suffix" time elapsed: 00:00:00
----------------------------------------------------------

10/71 Testing: filter_suffix_list_only
10/71 Test: filter_suffix_list_only
Command: "/home/sa/Cpp/cmake_project_test/IndexProject/build/_deps/benchmark-build/test/filter_test" "--benchmark_list_tests" "--benchmark_filter=BM_.*" "4"
Directory: /home/sa/Cpp/cmake_project_test/IndexProject/build/_deps/benchmark-build/test
"filter_suffix_list_only" start time: Feb 27 12:18 CST
Output:
----------------------------------------------------------
BM_Foo
BM_Bar
BM_FooBar
BM_FooBa
<end of output>
Test time =   0.00 sec
----------------------------------------------------------
Test Passed.
"filter_suffix_list_only" end time: Feb 27 12:18 CST
"filter_suffix_list_only" time elapsed: 00:00:00
----------------------------------------------------------

11/71 Testing: filter_suffix_negative
11/71 Test: filter_suffix_negative
Command: "/home/sa/Cpp/cmake_project_test/IndexProject/build/_deps/benchmark-build/test/filter_test" "--benchmark_min_time=0.01" "--benchmark_filter=-BM_.*" "1"
Directory: /home/sa/Cpp/cmake_project_test/IndexProject/build/_deps/benchmark-build/test
"filter_suffix_negative" start time: Feb 27 12:18 CST
Output:
----------------------------------------------------------
2022-02-27T12:18:06+08:00
Running /home/sa/Cpp/cmake_project_test/IndexProject/build/_deps/benchmark-build/test/filter_test
Run on (8 X 3300 MHz CPU s)
CPU Caches:
  L1 Data 32 KiB (x1)
  L1 Instruction 32 KiB (x1)
  L2 Unified 256 KiB (x1)
  L3 Unified 25600 KiB (x1)
Load Average: 0.94, 0.70, 0.47
-----------------------------------------------------
Benchmark           Time             CPU   Iterations
-----------------------------------------------------
[0;32mNoPrefix   [m[0;33m     0.000 ns        0.000 ns   [m[0;36m1000000000[m
[m
<end of output>
Test time =   0.04 sec
----------------------------------------------------------
Test Passed.
"filter_suffix_negative" end time: Feb 27 12:18 CST
"filter_suffix_negative" time elapsed: 00:00:00
----------------------------------------------------------

12/71 Testing: filter_suffix_negative_list_only
12/71 Test: filter_suffix_negative_list_only
Command: "/home/sa/Cpp/cmake_project_test/IndexProject/build/_deps/benchmark-build/test/filter_test" "--benchmark_list_tests" "--benchmark_filter=-BM_.*" "1"
Directory: /home/sa/Cpp/cmake_project_test/IndexProject/build/_deps/benchmark-build/test
"filter_suffix_negative_list_only" start time: Feb 27 12:18 CST
Output:
----------------------------------------------------------
NoPrefix
<end of output>
Test time =   0.00 sec
----------------------------------------------------------
Test Passed.
"filter_suffix_negative_list_only" end time: Feb 27 12:18 CST
"filter_suffix_negative_list_only" time elapsed: 00:00:00
----------------------------------------------------------

13/71 Testing: filter_regex_all
13/71 Test: filter_regex_all
Command: "/home/sa/Cpp/cmake_project_test/IndexProject/build/_deps/benchmark-build/test/filter_test" "--benchmark_min_time=0.01" "--benchmark_filter=.*" "5"
Directory: /home/sa/Cpp/cmake_project_test/IndexProject/build/_deps/benchmark-build/test
"filter_regex_all" start time: Feb 27 12:18 CST
Output:
----------------------------------------------------------
2022-02-27T12:18:06+08:00
Running /home/sa/Cpp/cmake_project_test/IndexProject/build/_deps/benchmark-build/test/filter_test
Run on (8 X 3300 MHz CPU s)
CPU Caches:
  L1 Data 32 KiB (x1)
  L1 Instruction 32 KiB (x1)
  L2 Unified 256 KiB (x1)
  L3 Unified 25600 KiB (x1)
Load Average: 0.94, 0.70, 0.47
-----------------------------------------------------
Benchmark           Time             CPU   Iterations
-----------------------------------------------------
[0;32mNoPrefix   [m[0;33m     0.000 ns        0.000 ns   [m[0;36m1000000000[m
[m[0;32mBM_Foo     [m[0;33m     0.000 ns        0.000 ns   [m[0;36m1000000000[m
[m[0;32mBM_Bar     [m[0;33m     0.000 ns        0.000 ns   [m[0;36m1000000000[m
[m[0;32mBM_FooBar  [m[0;33m     0.000 ns        0.000 ns   [m[0;36m1000000000[m
[m[0;32mBM_FooBa   [m[0;33m     0.000 ns        0.000 ns   [m[0;36m1000000000[m
[m
<end of output>
Test time =   0.04 sec
----------------------------------------------------------
Test Passed.
"filter_regex_all" end time: Feb 27 12:18 CST
"filter_regex_all" time elapsed: 00:00:00
----------------------------------------------------------

14/71 Testing: filter_regex_all_list_only
14/71 Test: filter_regex_all_list_only
Command: "/home/sa/Cpp/cmake_project_test/IndexProject/build/_deps/benchmark-build/test/filter_test" "--benchmark_list_tests" "--benchmark_filter=.*" "5"
Directory: /home/sa/Cpp/cmake_project_test/IndexProject/build/_deps/benchmark-build/test
"filter_regex_all_list_only" start time: Feb 27 12:18 CST
Output:
----------------------------------------------------------
NoPrefix
BM_Foo
BM_Bar
BM_FooBar
BM_FooBa
<end of output>
Test time =   0.00 sec
----------------------------------------------------------
Test Passed.
"filter_regex_all_list_only" end time: Feb 27 12:18 CST
"filter_regex_all_list_only" time elapsed: 00:00:00
----------------------------------------------------------

15/71 Testing: filter_regex_all_negative
15/71 Test: filter_regex_all_negative
Command: "/home/sa/Cpp/cmake_project_test/IndexProject/build/_deps/benchmark-build/test/filter_test" "--benchmark_min_time=0.01" "--benchmark_filter=-.*" "0"
Directory: /home/sa/Cpp/cmake_project_test/IndexProject/build/_deps/benchmark-build/test
"filter_regex_all_negative" start time: Feb 27 12:18 CST
Output:
----------------------------------------------------------
Failed to match any benchmarks against regex: -.*
<end of output>
Test time =   0.00 sec
----------------------------------------------------------
Test Passed.
"filter_regex_all_negative" end time: Feb 27 12:18 CST
"filter_regex_all_negative" time elapsed: 00:00:00
----------------------------------------------------------

16/71 Testing: filter_regex_all_negative_list_only
16/71 Test: filter_regex_all_negative_list_only
Command: "/home/sa/Cpp/cmake_project_test/IndexProject/build/_deps/benchmark-build/test/filter_test" "--benchmark_list_tests" "--benchmark_filter=-.*" "0"
Directory: /home/sa/Cpp/cmake_project_test/IndexProject/build/_deps/benchmark-build/test
"filter_regex_all_negative_list_only" start time: Feb 27 12:18 CST
Output:
----------------------------------------------------------
Failed to match any benchmarks against regex: -.*
<end of output>
Test time =   0.00 sec
----------------------------------------------------------
Test Passed.
"filter_regex_all_negative_list_only" end time: Feb 27 12:18 CST
"filter_regex_all_negative_list_only" time elapsed: 00:00:00
----------------------------------------------------------

17/71 Testing: filter_regex_blank
17/71 Test: filter_regex_blank
Command: "/home/sa/Cpp/cmake_project_test/IndexProject/build/_deps/benchmark-build/test/filter_test" "--benchmark_min_time=0.01" "--benchmark_filter=" "5"
Directory: /home/sa/Cpp/cmake_project_test/IndexProject/build/_deps/benchmark-build/test
"filter_regex_blank" start time: Feb 27 12:18 CST
Output:
----------------------------------------------------------
2022-02-27T12:18:06+08:00
Running /home/sa/Cpp/cmake_project_test/IndexProject/build/_deps/benchmark-build/test/filter_test
Run on (8 X 3300 MHz CPU s)
CPU Caches:
  L1 Data 32 KiB (x1)
  L1 Instruction 32 KiB (x1)
  L2 Unified 256 KiB (x1)
  L3 Unified 25600 KiB (x1)
Load Average: 0.94, 0.70, 0.47
-----------------------------------------------------
Benchmark           Time             CPU   Iterations
-----------------------------------------------------
[0;32mNoPrefix   [m[0;33m     0.000 ns        0.000 ns   [m[0;36m1000000000[m
[m[0;32mBM_Foo     [m[0;33m     0.000 ns        0.000 ns   [m[0;36m1000000000[m
[m[0;32mBM_Bar     [m[0;33m     0.000 ns        0.000 ns   [m[0;36m1000000000[m
[m[0;32mBM_FooBar  [m[0;33m     0.000 ns        0.000 ns   [m[0;36m1000000000[m
[m[0;32mBM_FooBa   [m[0;33m     0.000 ns        0.000 ns   [m[0;36m1000000000[m
[m
<end of output>
Test time =   0.05 sec
----------------------------------------------------------
Test Passed.
"filter_regex_blank" end time: Feb 27 12:18 CST
"filter_regex_blank" time elapsed: 00:00:00
----------------------------------------------------------

18/71 Testing: filter_regex_blank_list_only
18/71 Test: filter_regex_blank_list_only
Command: "/home/sa/Cpp/cmake_project_test/IndexProject/build/_deps/benchmark-build/test/filter_test" "--benchmark_list_tests" "--benchmark_filter=" "5"
Directory: /home/sa/Cpp/cmake_project_test/IndexProject/build/_deps/benchmark-build/test
"filter_regex_blank_list_only" start time: Feb 27 12:18 CST
Output:
----------------------------------------------------------
NoPrefix
BM_Foo
BM_Bar
BM_FooBar
BM_FooBa
<end of output>
Test time =   0.00 sec
----------------------------------------------------------
Test Passed.
"filter_regex_blank_list_only" end time: Feb 27 12:18 CST
"filter_regex_blank_list_only" time elapsed: 00:00:00
----------------------------------------------------------

19/71 Testing: filter_regex_blank_negative
19/71 Test: filter_regex_blank_negative
Command: "/home/sa/Cpp/cmake_project_test/IndexProject/build/_deps/benchmark-build/test/filter_test" "--benchmark_min_time=0.01" "--benchmark_filter=-" "0"
Directory: /home/sa/Cpp/cmake_project_test/IndexProject/build/_deps/benchmark-build/test
"filter_regex_blank_negative" start time: Feb 27 12:18 CST
Output:
----------------------------------------------------------
Failed to match any benchmarks against regex: -
<end of output>
Test time =   0.00 sec
----------------------------------------------------------
Test Passed.
"filter_regex_blank_negative" end time: Feb 27 12:18 CST
"filter_regex_blank_negative" time elapsed: 00:00:00
----------------------------------------------------------

20/71 Testing: filter_regex_blank_negative_list_only
20/71 Test: filter_regex_blank_negative_list_only
Command: "/home/sa/Cpp/cmake_project_test/IndexProject/build/_deps/benchmark-build/test/filter_test" "--benchmark_list_tests" "--benchmark_filter=-" "0"
Directory: /home/sa/Cpp/cmake_project_test/IndexProject/build/_deps/benchmark-build/test
"filter_regex_blank_negative_list_only" start time: Feb 27 12:18 CST
Output:
----------------------------------------------------------
Failed to match any benchmarks against regex: -
<end of output>
Test time =   0.00 sec
----------------------------------------------------------
Test Passed.
"filter_regex_blank_negative_list_only" end time: Feb 27 12:18 CST
"filter_regex_blank_negative_list_only" time elapsed: 00:00:00
----------------------------------------------------------

21/71 Testing: filter_regex_none
21/71 Test: filter_regex_none
Command: "/home/sa/Cpp/cmake_project_test/IndexProject/build/_deps/benchmark-build/test/filter_test" "--benchmark_min_time=0.01" "--benchmark_filter=monkey" "0"
Directory: /home/sa/Cpp/cmake_project_test/IndexProject/build/_deps/benchmark-build/test
"filter_regex_none" start time: Feb 27 12:18 CST
Output:
----------------------------------------------------------
Failed to match any benchmarks against regex: monkey
<end of output>
Test time =   0.00 sec
----------------------------------------------------------
Test Passed.
"filter_regex_none" end time: Feb 27 12:18 CST
"filter_regex_none" time elapsed: 00:00:00
----------------------------------------------------------

22/71 Testing: filter_regex_none_list_only
22/71 Test: filter_regex_none_list_only
Command: "/home/sa/Cpp/cmake_project_test/IndexProject/build/_deps/benchmark-build/test/filter_test" "--benchmark_list_tests" "--benchmark_filter=monkey" "0"
Directory: /home/sa/Cpp/cmake_project_test/IndexProject/build/_deps/benchmark-build/test
"filter_regex_none_list_only" start time: Feb 27 12:18 CST
Output:
----------------------------------------------------------
Failed to match any benchmarks against regex: monkey
<end of output>
Test time =   0.00 sec
----------------------------------------------------------
Test Passed.
"filter_regex_none_list_only" end time: Feb 27 12:18 CST
"filter_regex_none_list_only" time elapsed: 00:00:00
----------------------------------------------------------

23/71 Testing: filter_regex_none_negative
23/71 Test: filter_regex_none_negative
Command: "/home/sa/Cpp/cmake_project_test/IndexProject/build/_deps/benchmark-build/test/filter_test" "--benchmark_min_time=0.01" "--benchmark_filter=-monkey" "5"
Directory: /home/sa/Cpp/cmake_project_test/IndexProject/build/_deps/benchmark-build/test
"filter_regex_none_negative" start time: Feb 27 12:18 CST
Output:
----------------------------------------------------------
2022-02-27T12:18:06+08:00
Running /home/sa/Cpp/cmake_project_test/IndexProject/build/_deps/benchmark-build/test/filter_test
Run on (8 X 3300 MHz CPU s)
CPU Caches:
  L1 Data 32 KiB (x1)
  L1 Instruction 32 KiB (x1)
  L2 Unified 256 KiB (x1)
  L3 Unified 25600 KiB (x1)
Load Average: 0.94, 0.70, 0.47
-----------------------------------------------------
Benchmark           Time             CPU   Iterations
-----------------------------------------------------
[0;32mNoPrefix   [m[0;33m     0.000 ns        0.000 ns   [m[0;36m1000000000[m
[m[0;32mBM_Foo     [m[0;33m     0.000 ns        0.000 ns   [m[0;36m1000000000[m
[m[0;32mBM_Bar     [m[0;33m     0.000 ns        0.000 ns   [m[0;36m1000000000[m
[m[0;32mBM_FooBar  [m[0;33m     0.000 ns        0.000 ns   [m[0;36m1000000000[m
[m[0;32mBM_FooBa   [m[0;33m     0.000 ns        0.000 ns   [m[0;36m1000000000[m
[m
<end of output>
Test time =   0.05 sec
----------------------------------------------------------
Test Passed.
"filter_regex_none_negative" end time: Feb 27 12:18 CST
"filter_regex_none_negative" time elapsed: 00:00:00
----------------------------------------------------------

24/71 Testing: filter_regex_none_negative_list_only
24/71 Test: filter_regex_none_negative_list_only
Command: "/home/sa/Cpp/cmake_project_test/IndexProject/build/_deps/benchmark-build/test/filter_test" "--benchmark_list_tests" "--benchmark_filter=-monkey" "5"
Directory: /home/sa/Cpp/cmake_project_test/IndexProject/build/_deps/benchmark-build/test
"filter_regex_none_negative_list_only" start time: Feb 27 12:18 CST
Output:
----------------------------------------------------------
NoPrefix
BM_Foo
BM_Bar
BM_FooBar
BM_FooBa
<end of output>
Test time =   0.00 sec
----------------------------------------------------------
Test Passed.
"filter_regex_none_negative_list_only" end time: Feb 27 12:18 CST
"filter_regex_none_negative_list_only" time elapsed: 00:00:00
----------------------------------------------------------

25/71 Testing: filter_regex_wildcard
25/71 Test: filter_regex_wildcard
Command: "/home/sa/Cpp/cmake_project_test/IndexProject/build/_deps/benchmark-build/test/filter_test" "--benchmark_min_time=0.01" "--benchmark_filter=.*Foo.*" "3"
Directory: /home/sa/Cpp/cmake_project_test/IndexProject/build/_deps/benchmark-build/test
"filter_regex_wildcard" start time: Feb 27 12:18 CST
Output:
----------------------------------------------------------
2022-02-27T12:18:06+08:00
Running /home/sa/Cpp/cmake_project_test/IndexProject/build/_deps/benchmark-build/test/filter_test
Run on (8 X 3300 MHz CPU s)
CPU Caches:
  L1 Data 32 KiB (x1)
  L1 Instruction 32 KiB (x1)
  L2 Unified 256 KiB (x1)
  L3 Unified 25600 KiB (x1)
Load Average: 0.94, 0.70, 0.47
-----------------------------------------------------
Benchmark           Time             CPU   Iterations
-----------------------------------------------------
[0;32mBM_Foo     [m[0;33m     0.000 ns        0.000 ns   [m[0;36m1000000000[m
[m[0;32mBM_FooBar  [m[0;33m     0.000 ns        0.000 ns   [m[0;36m1000000000[m
[m[0;32mBM_FooBa   [m[0;33m     0.000 ns        0.000 ns   [m[0;36m1000000000[m
[m
<end of output>
Test time =   0.04 sec
----------------------------------------------------------
Test Passed.
"filter_regex_wildcard" end time: Feb 27 12:18 CST
"filter_regex_wildcard" time elapsed: 00:00:00
----------------------------------------------------------

26/71 Testing: filter_regex_wildcard_list_only
26/71 Test: filter_regex_wildcard_list_only
Command: "/home/sa/Cpp/cmake_project_test/IndexProject/build/_deps/benchmark-build/test/filter_test" "--benchmark_list_tests" "--benchmark_filter=.*Foo.*" "3"
Directory: /home/sa/Cpp/cmake_project_test/IndexProject/build/_deps/benchmark-build/test
"filter_regex_wildcard_list_only" start time: Feb 27 12:18 CST
Output:
----------------------------------------------------------
BM_Foo
BM_FooBar
BM_FooBa
<end of output>
Test time =   0.00 sec
----------------------------------------------------------
Test Passed.
"filter_regex_wildcard_list_only" end time: Feb 27 12:18 CST
"filter_regex_wildcard_list_only" time elapsed: 00:00:00
----------------------------------------------------------

27/71 Testing: filter_regex_wildcard_negative
27/71 Test: filter_regex_wildcard_negative
Command: "/home/sa/Cpp/cmake_project_test/IndexProject/build/_deps/benchmark-build/test/filter_test" "--benchmark_min_time=0.01" "--benchmark_filter=-.*Foo.*" "2"
Directory: /home/sa/Cpp/cmake_project_test/IndexProject/build/_deps/benchmark-build/test
"filter_regex_wildcard_negative" start time: Feb 27 12:18 CST
Output:
----------------------------------------------------------
2022-02-27T12:18:06+08:00
Running /home/sa/Cpp/cmake_project_test/IndexProject/build/_deps/benchmark-build/test/filter_test
Run on (8 X 3300 MHz CPU s)
CPU Caches:
  L1 Data 32 KiB (x1)
  L1 Instruction 32 KiB (x1)
  L2 Unified 256 KiB (x1)
  L3 Unified 25600 KiB (x1)
Load Average: 0.94, 0.70, 0.47
-----------------------------------------------------
Benchmark           Time             CPU   Iterations
-----------------------------------------------------
[0;32mNoPrefix   [m[0;33m     0.000 ns        0.000 ns   [m[0;36m1000000000[m
[m[0;32mBM_Bar     [m[0;33m     0.000 ns        0.000 ns   [m[0;36m1000000000[m
[m
<end of output>
Test time =   0.04 sec
----------------------------------------------------------
Test Passed.
"filter_regex_wildcard_negative" end time: Feb 27 12:18 CST
"filter_regex_wildcard_negative" time elapsed: 00:00:00
----------------------------------------------------------

28/71 Testing: filter_regex_wildcard_negative_list_only
28/71 Test: filter_regex_wildcard_negative_list_only
Command: "/home/sa/Cpp/cmake_project_test/IndexProject/build/_deps/benchmark-build/test/filter_test" "--benchmark_list_tests" "--benchmark_filter=-.*Foo.*" "2"
Directory: /home/sa/Cpp/cmake_project_test/IndexProject/build/_deps/benchmark-build/test
"filter_regex_wildcard_negative_list_only" start time: Feb 27 12:18 CST
Output:
----------------------------------------------------------
NoPrefix
BM_Bar
<end of output>
Test time =   0.00 sec
----------------------------------------------------------
Test Passed.
"filter_regex_wildcard_negative_list_only" end time: Feb 27 12:18 CST
"filter_regex_wildcard_negative_list_only" time elapsed: 00:00:00
----------------------------------------------------------

29/71 Testing: filter_regex_begin
29/71 Test: filter_regex_begin
Command: "/home/sa/Cpp/cmake_project_test/IndexProject/build/_deps/benchmark-build/test/filter_test" "--benchmark_min_time=0.01" "--benchmark_filter=^BM_.*" "4"
Directory: /home/sa/Cpp/cmake_project_test/IndexProject/build/_deps/benchmark-build/test
"filter_regex_begin" start time: Feb 27 12:18 CST
Output:
----------------------------------------------------------
2022-02-27T12:18:06+08:00
Running /home/sa/Cpp/cmake_project_test/IndexProject/build/_deps/benchmark-build/test/filter_test
Run on (8 X 3300 MHz CPU s)
CPU Caches:
  L1 Data 32 KiB (x1)
  L1 Instruction 32 KiB (x1)
  L2 Unified 256 KiB (x1)
  L3 Unified 25600 KiB (x1)
Load Average: 0.94, 0.70, 0.47
-----------------------------------------------------
Benchmark           Time             CPU   Iterations
-----------------------------------------------------
[0;32mBM_Foo     [m[0;33m     0.000 ns        0.000 ns   [m[0;36m1000000000[m
[m[0;32mBM_Bar     [m[0;33m     0.000 ns        0.000 ns   [m[0;36m1000000000[m
[m[0;32mBM_FooBar  [m[0;33m     0.000 ns        0.000 ns   [m[0;36m1000000000[m
[m[0;32mBM_FooBa   [m[0;33m     0.000 ns        0.000 ns   [m[0;36m1000000000[m
[m
<end of output>
Test time =   0.04 sec
----------------------------------------------------------
Test Passed.
"filter_regex_begin" end time: Feb 27 12:18 CST
"filter_regex_begin" time elapsed: 00:00:00
----------------------------------------------------------

30/71 Testing: filter_regex_begin_list_only
30/71 Test: filter_regex_begin_list_only
Command: "/home/sa/Cpp/cmake_project_test/IndexProject/build/_deps/benchmark-build/test/filter_test" "--benchmark_list_tests" "--benchmark_filter=^BM_.*" "4"
Directory: /home/sa/Cpp/cmake_project_test/IndexProject/build/_deps/benchmark-build/test
"filter_regex_begin_list_only" start time: Feb 27 12:18 CST
Output:
----------------------------------------------------------
BM_Foo
BM_Bar
BM_FooBar
BM_FooBa
<end of output>
Test time =   0.00 sec
----------------------------------------------------------
Test Passed.
"filter_regex_begin_list_only" end time: Feb 27 12:18 CST
"filter_regex_begin_list_only" time elapsed: 00:00:00
----------------------------------------------------------

31/71 Testing: filter_regex_begin_negative
31/71 Test: filter_regex_begin_negative
Command: "/home/sa/Cpp/cmake_project_test/IndexProject/build/_deps/benchmark-build/test/filter_test" "--benchmark_min_time=0.01" "--benchmark_filter=-^BM_.*" "1"
Directory: /home/sa/Cpp/cmake_project_test/IndexProject/build/_deps/benchmark-build/test
"filter_regex_begin_negative" start time: Feb 27 12:18 CST
Output:
----------------------------------------------------------
2022-02-27T12:18:06+08:00
Running /home/sa/Cpp/cmake_project_test/IndexProject/build/_deps/benchmark-build/test/filter_test
Run on (8 X 3300 MHz CPU s)
CPU Caches:
  L1 Data 32 KiB (x1)
  L1 Instruction 32 KiB (x1)
  L2 Unified 256 KiB (x1)
  L3 Unified 25600 KiB (x1)
Load Average: 0.94, 0.70, 0.47
-----------------------------------------------------
Benchmark           Time             CPU   Iterations
-----------------------------------------------------
[0;32mNoPrefix   [m[0;33m     0.000 ns        0.000 ns   [m[0;36m1000000000[m
[m
<end of output>
Test time =   0.04 sec
----------------------------------------------------------
Test Passed.
"filter_regex_begin_negative" end time: Feb 27 12:18 CST
"filter_regex_begin_negative" time elapsed: 00:00:00
----------------------------------------------------------

32/71 Testing: filter_regex_begin_negative_list_only
32/71 Test: filter_regex_begin_negative_list_only
Command: "/home/sa/Cpp/cmake_project_test/IndexProject/build/_deps/benchmark-build/test/filter_test" "--benchmark_list_tests" "--benchmark_filter=-^BM_.*" "1"
Directory: /home/sa/Cpp/cmake_project_test/IndexProject/build/_deps/benchmark-build/test
"filter_regex_begin_negative_list_only" start time: Feb 27 12:18 CST
Output:
----------------------------------------------------------
NoPrefix
<end of output>
Test time =   0.00 sec
----------------------------------------------------------
Test Passed.
"filter_regex_begin_negative_list_only" end time: Feb 27 12:18 CST
"filter_regex_begin_negative_list_only" time elapsed: 00:00:00
----------------------------------------------------------

33/71 Testing: filter_regex_begin2
33/71 Test: filter_regex_begin2
Command: "/home/sa/Cpp/cmake_project_test/IndexProject/build/_deps/benchmark-build/test/filter_test" "--benchmark_min_time=0.01" "--benchmark_filter=^N" "1"
Directory: /home/sa/Cpp/cmake_project_test/IndexProject/build/_deps/benchmark-build/test
"filter_regex_begin2" start time: Feb 27 12:18 CST
Output:
----------------------------------------------------------
2022-02-27T12:18:06+08:00
Running /home/sa/Cpp/cmake_project_test/IndexProject/build/_deps/benchmark-build/test/filter_test
Run on (8 X 3300 MHz CPU s)
CPU Caches:
  L1 Data 32 KiB (x1)
  L1 Instruction 32 KiB (x1)
  L2 Unified 256 KiB (x1)
  L3 Unified 25600 KiB (x1)
Load Average: 0.94, 0.70, 0.47
-----------------------------------------------------
Benchmark           Time             CPU   Iterations
-----------------------------------------------------
[0;32mNoPrefix   [m[0;33m     0.000 ns        0.000 ns   [m[0;36m1000000000[m
[m
<end of output>
Test time =   0.05 sec
----------------------------------------------------------
Test Passed.
"filter_regex_begin2" end time: Feb 27 12:18 CST
"filter_regex_begin2" time elapsed: 00:00:00
----------------------------------------------------------

34/71 Testing: filter_regex_begin2_list_only
34/71 Test: filter_regex_begin2_list_only
Command: "/home/sa/Cpp/cmake_project_test/IndexProject/build/_deps/benchmark-build/test/filter_test" "--benchmark_list_tests" "--benchmark_filter=^N" "1"
Directory: /home/sa/Cpp/cmake_project_test/IndexProject/build/_deps/benchmark-build/test
"filter_regex_begin2_list_only" start time: Feb 27 12:18 CST
Output:
----------------------------------------------------------
NoPrefix
<end of output>
Test time =   0.00 sec
----------------------------------------------------------
Test Passed.
"filter_regex_begin2_list_only" end time: Feb 27 12:18 CST
"filter_regex_begin2_list_only" time elapsed: 00:00:00
----------------------------------------------------------

35/71 Testing: filter_regex_begin2_negative
35/71 Test: filter_regex_begin2_negative
Command: "/home/sa/Cpp/cmake_project_test/IndexProject/build/_deps/benchmark-build/test/filter_test" "--benchmark_min_time=0.01" "--benchmark_filter=-^N" "4"
Directory: /home/sa/Cpp/cmake_project_test/IndexProject/build/_deps/benchmark-build/test
"filter_regex_begin2_negative" start time: Feb 27 12:18 CST
Output:
----------------------------------------------------------
2022-02-27T12:18:06+08:00
Running /home/sa/Cpp/cmake_project_test/IndexProject/build/_deps/benchmark-build/test/filter_test
Run on (8 X 3300 MHz CPU s)
CPU Caches:
  L1 Data 32 KiB (x1)
  L1 Instruction 32 KiB (x1)
  L2 Unified 256 KiB (x1)
  L3 Unified 25600 KiB (x1)
Load Average: 0.94, 0.70, 0.47
-----------------------------------------------------
Benchmark           Time             CPU   Iterations
-----------------------------------------------------
[0;32mBM_Foo     [m[0;33m     0.000 ns        0.000 ns   [m[0;36m1000000000[m
[m[0;32mBM_Bar     [m[0;33m     0.000 ns        0.000 ns   [m[0;36m1000000000[m
[m[0;32mBM_FooBar  [m[0;33m     0.000 ns        0.000 ns   [m[0;36m1000000000[m
[m[0;32mBM_FooBa   [m[0;33m     0.000 ns        0.000 ns   [m[0;36m1000000000[m
[m
<end of output>
Test time =   0.04 sec
----------------------------------------------------------
Test Passed.
"filter_regex_begin2_negative" end time: Feb 27 12:18 CST
"filter_regex_begin2_negative" time elapsed: 00:00:00
----------------------------------------------------------

36/71 Testing: filter_regex_begin2_negative_list_only
36/71 Test: filter_regex_begin2_negative_list_only
Command: "/home/sa/Cpp/cmake_project_test/IndexProject/build/_deps/benchmark-build/test/filter_test" "--benchmark_list_tests" "--benchmark_filter=-^N" "4"
Directory: /home/sa/Cpp/cmake_project_test/IndexProject/build/_deps/benchmark-build/test
"filter_regex_begin2_negative_list_only" start time: Feb 27 12:18 CST
Output:
----------------------------------------------------------
BM_Foo
BM_Bar
BM_FooBar
BM_FooBa
<end of output>
Test time =   0.00 sec
----------------------------------------------------------
Test Passed.
"filter_regex_begin2_negative_list_only" end time: Feb 27 12:18 CST
"filter_regex_begin2_negative_list_only" time elapsed: 00:00:00
----------------------------------------------------------

37/71 Testing: filter_regex_end
37/71 Test: filter_regex_end
Command: "/home/sa/Cpp/cmake_project_test/IndexProject/build/_deps/benchmark-build/test/filter_test" "--benchmark_min_time=0.01" "--benchmark_filter=.*Ba$" "1"
Directory: /home/sa/Cpp/cmake_project_test/IndexProject/build/_deps/benchmark-build/test
"filter_regex_end" start time: Feb 27 12:18 CST
Output:
----------------------------------------------------------
2022-02-27T12:18:07+08:00
Running /home/sa/Cpp/cmake_project_test/IndexProject/build/_deps/benchmark-build/test/filter_test
Run on (8 X 3300 MHz CPU s)
CPU Caches:
  L1 Data 32 KiB (x1)
  L1 Instruction 32 KiB (x1)
  L2 Unified 256 KiB (x1)
  L3 Unified 25600 KiB (x1)
Load Average: 0.94, 0.70, 0.47
-----------------------------------------------------
Benchmark           Time             CPU   Iterations
-----------------------------------------------------
[0;32mBM_FooBa   [m[0;33m     0.000 ns        0.000 ns   [m[0;36m1000000000[m
[m
<end of output>
Test time =   0.04 sec
----------------------------------------------------------
Test Passed.
"filter_regex_end" end time: Feb 27 12:18 CST
"filter_regex_end" time elapsed: 00:00:00
----------------------------------------------------------

38/71 Testing: filter_regex_end_list_only
38/71 Test: filter_regex_end_list_only
Command: "/home/sa/Cpp/cmake_project_test/IndexProject/build/_deps/benchmark-build/test/filter_test" "--benchmark_list_tests" "--benchmark_filter=.*Ba$" "1"
Directory: /home/sa/Cpp/cmake_project_test/IndexProject/build/_deps/benchmark-build/test
"filter_regex_end_list_only" start time: Feb 27 12:18 CST
Output:
----------------------------------------------------------
BM_FooBa
<end of output>
Test time =   0.00 sec
----------------------------------------------------------
Test Passed.
"filter_regex_end_list_only" end time: Feb 27 12:18 CST
"filter_regex_end_list_only" time elapsed: 00:00:00
----------------------------------------------------------

39/71 Testing: filter_regex_end_negative
39/71 Test: filter_regex_end_negative
Command: "/home/sa/Cpp/cmake_project_test/IndexProject/build/_deps/benchmark-build/test/filter_test" "--benchmark_min_time=0.01" "--benchmark_filter=-.*Ba$" "4"
Directory: /home/sa/Cpp/cmake_project_test/IndexProject/build/_deps/benchmark-build/test
"filter_regex_end_negative" start time: Feb 27 12:18 CST
Output:
----------------------------------------------------------
2022-02-27T12:18:07+08:00
Running /home/sa/Cpp/cmake_project_test/IndexProject/build/_deps/benchmark-build/test/filter_test
Run on (8 X 3300 MHz CPU s)
CPU Caches:
  L1 Data 32 KiB (x1)
  L1 Instruction 32 KiB (x1)
  L2 Unified 256 KiB (x1)
  L3 Unified 25600 KiB (x1)
Load Average: 0.94, 0.70, 0.47
-----------------------------------------------------
Benchmark           Time             CPU   Iterations
-----------------------------------------------------
[0;32mNoPrefix   [m[0;33m     0.000 ns        0.000 ns   [m[0;36m1000000000[m
[m[0;32mBM_Foo     [m[0;33m     0.000 ns        0.000 ns   [m[0;36m1000000000[m
[m[0;32mBM_Bar     [m[0;33m     0.000 ns        0.000 ns   [m[0;36m1000000000[m
[m[0;32mBM_FooBar  [m[0;33m     0.000 ns        0.000 ns   [m[0;36m1000000000[m
[m
<end of output>
Test time =   0.04 sec
----------------------------------------------------------
Test Passed.
"filter_regex_end_negative" end time: Feb 27 12:18 CST
"filter_regex_end_negative" time elapsed: 00:00:00
----------------------------------------------------------

40/71 Testing: filter_regex_end_negative_list_only
40/71 Test: filter_regex_end_negative_list_only
Command: "/home/sa/Cpp/cmake_project_test/IndexProject/build/_deps/benchmark-build/test/filter_test" "--benchmark_list_tests" "--benchmark_filter=-.*Ba$" "4"
Directory: /home/sa/Cpp/cmake_project_test/IndexProject/build/_deps/benchmark-build/test
"filter_regex_end_negative_list_only" start time: Feb 27 12:18 CST
Output:
----------------------------------------------------------
NoPrefix
BM_Foo
BM_Bar
BM_FooBar
<end of output>
Test time =   0.00 sec
----------------------------------------------------------
Test Passed.
"filter_regex_end_negative_list_only" end time: Feb 27 12:18 CST
"filter_regex_end_negative_list_only" time elapsed: 00:00:00
----------------------------------------------------------

41/71 Testing: options_benchmarks
41/71 Test: options_benchmarks
Command: "/home/sa/Cpp/cmake_project_test/IndexProject/build/_deps/benchmark-build/test/options_test" "--benchmark_min_time=0.01"
Directory: /home/sa/Cpp/cmake_project_test/IndexProject/build/_deps/benchmark-build/test
"options_benchmarks" start time: Feb 27 12:18 CST
Output:
----------------------------------------------------------
2022-02-27T12:18:07+08:00
Running /home/sa/Cpp/cmake_project_test/IndexProject/build/_deps/benchmark-build/test/options_test
Run on (8 X 3300 MHz CPU s)
CPU Caches:
  L1 Data 32 KiB (x1)
  L1 Instruction 32 KiB (x1)
  L2 Unified 256 KiB (x1)
  L3 Unified 25600 KiB (x1)
Load Average: 0.94, 0.70, 0.47
-------------------------------------------------------------------------------------------
Benchmark                                                 Time             CPU   Iterations
-------------------------------------------------------------------------------------------
BM_basic                                              0.000 ns        0.000 ns   1000000000
BM_basic/42                                           0.000 ns        0.000 ns   1000000000
BM_basic_slow/10                                   10461293 ns        16213 ns           10
BM_basic_slow/100                                    100515 us         32.9 us            1
BM_basic_slow/1000                                     1000 ms        0.039 ms            1
BM_basic_slow/1000                                     1.00 s         0.000 s             1
BM_basic/1                                            0.000 ns        0.000 ns   1000000000
BM_basic/8                                            0.000 ns        0.000 ns   1000000000
BM_basic/1                                            0.000 ns        0.000 ns   1000000000
BM_basic/2                                            0.000 ns        0.000 ns   1000000000
BM_basic/4                                            0.000 ns        0.000 ns   1000000000
BM_basic/8                                            0.000 ns        0.000 ns   1000000000
BM_basic/10                                           0.000 ns        0.000 ns   1000000000
BM_basic/11                                           0.000 ns        0.000 ns   1000000000
BM_basic/12                                           0.000 ns        0.000 ns   1000000000
BM_basic/13                                           0.000 ns        0.000 ns   1000000000
BM_basic/14                                           0.000 ns        0.000 ns   1000000000
BM_basic/15                                           0.000 ns        0.000 ns   1000000000
BM_basic/42/42                                        0.000 ns        0.000 ns   1000000000
BM_basic/64/64                                        0.000 ns        0.000 ns   1000000000
BM_basic/512/64                                       0.000 ns        0.000 ns   1000000000
BM_basic/64/512                                       0.000 ns        0.000 ns   1000000000
BM_basic/512/512                                      0.000 ns        0.000 ns   1000000000
BM_basic/min_time:0.700                               0.000 ns        0.000 ns   1000000000
BM_basic/real_time                                    0.000 ns        0.000 ns   1000000000
BM_basic/threads:2                                    0.000 ns        0.000 ns   2000000000
BM_basic/threads:4                                    0.000 ns        0.000 ns   4000000000
BM_basic/threads:8                                    0.000 ns        0.000 ns   8000000000
BM_basic/repeats:3                                    0.000 ns        0.000 ns   1000000000
BM_basic/repeats:3                                    0.000 ns        0.000 ns   1000000000
BM_basic/repeats:3                                    0.000 ns        0.000 ns   1000000000
BM_basic/repeats:3_mean                               0.000 ns        0.000 ns            3
BM_basic/repeats:3_median                             0.000 ns        0.000 ns            3
BM_basic/repeats:3_stddev                             0.000 ns        0.000 ns            3
BM_basic/repeats:3_cv                                  5.06 %          2.39 %             3
BM_basic/-9223372036854775808                         0.000 ns        0.000 ns   1000000000
BM_basic/-4611686014132420609                         0.000 ns        0.000 ns   1000000000
BM_basic/-2147483647                                  0.000 ns        0.000 ns   1000000000
BM_basic/-1                                           0.000 ns        0.000 ns   1000000000
BM_basic/0                                            0.000 ns        0.000 ns   1000000000
BM_basic/1                                            0.000 ns        0.000 ns   1000000000
BM_basic/2147483647                                   0.000 ns        0.000 ns   1000000000
BM_basic/4611686014132420609                          0.000 ns        0.000 ns   1000000000
BM_basic/9223372036854775807                          0.000 ns        0.000 ns   1000000000
BM_basic/-64                                          0.000 ns        0.000 ns   1000000000
BM_basic/-8                                           0.000 ns        0.000 ns   1000000000
BM_basic/-1                                           0.000 ns        0.000 ns   1000000000
BM_basic/-8                                           0.000 ns        0.000 ns   1000000000
BM_basic/-4                                           0.000 ns        0.000 ns   1000000000
BM_basic/-1                                           0.000 ns        0.000 ns   1000000000
BM_basic/0                                            0.000 ns        0.000 ns   1000000000
BM_basic/1                                            0.000 ns        0.000 ns   1000000000
BM_basic/4                                            0.000 ns        0.000 ns   1000000000
BM_basic/8                                            0.000 ns        0.000 ns   1000000000
BM_basic/-2                                           0.000 ns        0.000 ns   1000000000
BM_basic/-1                                           0.000 ns        0.000 ns   1000000000
BM_basic/0                                            0.000 ns        0.000 ns   1000000000
BM_basic/1                                            0.000 ns        0.000 ns   1000000000
BM_basic/2                                            0.000 ns        0.000 ns   1000000000
BM_basic/-64/-8                                       0.000 ns        0.000 ns   1000000000
BM_basic/-8/-8                                        0.000 ns        0.000 ns   1000000000
BM_basic/-1/-8                                        0.000 ns        0.000 ns   1000000000
BM_basic/0/-8                                         0.000 ns        0.000 ns   1000000000
BM_basic/1/-8                                         0.000 ns        0.000 ns   1000000000
BM_basic/-64/-1                                       0.000 ns        0.000 ns   1000000000
BM_basic/-8/-1                                        0.000 ns        0.000 ns   1000000000
BM_basic/-1/-1                                        0.000 ns        0.000 ns   1000000000
BM_basic/0/-1                                         0.000 ns        0.000 ns   1000000000
BM_basic/1/-1                                         0.000 ns        0.000 ns   1000000000
BM_basic/0                                            0.000 ns        0.000 ns   1000000000
BM_basic/1                                            0.000 ns        0.000 ns   1000000000
BM_basic/2                                            0.000 ns        0.000 ns   1000000000
BM_basic/3                                            0.000 ns        0.000 ns   1000000000
BM_basic/4                                            0.000 ns        0.000 ns   1000000000
BM_basic/5                                            0.000 ns        0.000 ns   1000000000
BM_basic/6                                            0.000 ns        0.000 ns   1000000000
BM_basic/7                                            0.000 ns        0.000 ns   1000000000
BM_basic/8                                            0.000 ns        0.000 ns   1000000000
BM_basic/9                                            0.000 ns        0.000 ns   1000000000
BM_explicit_iteration_count/iterations:42              54.4 ns         37.9 ns           42
<end of output>
Test time =   2.28 sec
----------------------------------------------------------
Test Passed.
"options_benchmarks" end time: Feb 27 12:18 CST
"options_benchmarks" time elapsed: 00:00:02
----------------------------------------------------------

42/71 Testing: basic_benchmark
42/71 Test: basic_benchmark
Command: "/home/sa/Cpp/cmake_project_test/IndexProject/build/_deps/benchmark-build/test/basic_test" "--benchmark_min_time=0.01"
Directory: /home/sa/Cpp/cmake_project_test/IndexProject/build/_deps/benchmark-build/test
"basic_benchmark" start time: Feb 27 12:18 CST
Output:
----------------------------------------------------------
2022-02-27T12:18:09+08:00
Running /home/sa/Cpp/cmake_project_test/IndexProject/build/_deps/benchmark-build/test/basic_test
Run on (8 X 3300 MHz CPU s)
CPU Caches:
  L1 Data 32 KiB (x1)
  L1 Instruction 32 KiB (x1)
  L2 Unified 256 KiB (x1)
  L3 Unified 25600 KiB (x1)
Load Average: 0.95, 0.70, 0.47
----------------------------------------------------------------------------------------
Benchmark                                              Time             CPU   Iterations
----------------------------------------------------------------------------------------
BM_empty                                           0.607 ns        0.605 ns     23814424
BM_empty/threads:8                                 0.096 ns        0.767 ns     15239272
BM_spin_empty/8                                     8.15 ns         8.15 ns      1739649
BM_spin_empty/512                                    900 ns          901 ns        15335
BM_spin_empty/8192                                 14409 ns        14411 ns          956
BM_spin_empty/8/threads:8                           1.21 ns         9.70 ns      1441712
BM_spin_empty/512/threads:8                          130 ns          999 ns        15720
BM_spin_empty/8192/threads:8                        2214 ns        15954 ns          792
BM_spin_pause_before/8                              10.1 ns         10.1 ns      1680965
BM_spin_pause_before/512                            1011 ns         1011 ns        11364
BM_spin_pause_before/8192                          14628 ns        14629 ns          872
BM_spin_pause_before/8/threads:8                    1.33 ns         10.6 ns      1727352
BM_spin_pause_before/512/threads:8                   112 ns          899 ns        14248
BM_spin_pause_before/8192/threads:8                 1764 ns        14115 ns          968
BM_spin_pause_during/8                               689 ns          688 ns        21439
BM_spin_pause_during/512                            1632 ns         1628 ns         8111
BM_spin_pause_during/8192                          16535 ns        16574 ns          853
BM_spin_pause_during/8/threads:8                    81.2 ns          646 ns        20920
BM_spin_pause_during/512/threads:8                   190 ns         1516 ns         9088
BM_spin_pause_during/8192/threads:8                 1827 ns        14599 ns          952
BM_pause_during                                      657 ns          664 ns        20839
BM_pause_during/threads:8                           79.7 ns          640 ns        19360
BM_pause_during/real_time                            652 ns          647 ns        21410
BM_pause_during/real_time/threads:8                 81.9 ns          651 ns       159544
BM_spin_pause_after/8                               7.69 ns         7.69 ns      1814642
BM_spin_pause_after/512                              880 ns          880 ns        15911
BM_spin_pause_after/8192                           14505 ns        14508 ns          998
BM_spin_pause_after/8/threads:8                    0.988 ns         7.91 ns      1380976
BM_spin_pause_after/512/threads:8                    111 ns          884 ns        15784
BM_spin_pause_after/8192/threads:8                  1777 ns        14215 ns          920
BM_spin_pause_before_and_after/8                    7.90 ns         7.88 ns      1749949
BM_spin_pause_before_and_after/512                   923 ns          921 ns        15399
BM_spin_pause_before_and_after/8192                14996 ns        14973 ns          957
BM_spin_pause_before_and_after/8/threads:8          1.02 ns         7.86 ns      1761288
BM_spin_pause_before_and_after/512/threads:8         110 ns          882 ns        15816
BM_spin_pause_before_and_after/8192/threads:8       1762 ns        14100 ns          888
BM_empty_stop_start                                0.000 ns        0.000 ns   1000000000
BM_empty_stop_start/threads:8                      0.000 ns        0.000 ns   8000000000
BM_KeepRunning                                     0.316 ns        0.316 ns     40735781
BM_KeepRunningBatch/repeats:1                      0.000 ns        0.000 ns   1000000729
BM_RangedFor                                       0.000 ns        0.000 ns   1000000000
BM_OneTemplateFunc<int>/1                          0.000 ns        0.000 ns   1000000000
BM_OneTemplateFunc<double>/1                       0.000 ns        0.000 ns   1000000000
BM_TwoTemplateFunc<int, double>/1                  0.000 ns        0.000 ns   1000000000
BM_TwoTemplateFunc<double, int>/1                  0.000 ns        0.000 ns   1000000000
<end of output>
Test time =   0.70 sec
----------------------------------------------------------
Test Passed.
"basic_benchmark" end time: Feb 27 12:18 CST
"basic_benchmark" time elapsed: 00:00:00
----------------------------------------------------------

43/71 Testing: repetitions_benchmark
43/71 Test: repetitions_benchmark
Command: "/home/sa/Cpp/cmake_project_test/IndexProject/build/_deps/benchmark-build/test/repetitions_test" "--benchmark_min_time=0.01" "--benchmark_repetitions=3"
Directory: /home/sa/Cpp/cmake_project_test/IndexProject/build/_deps/benchmark-build/test
"repetitions_benchmark" start time: Feb 27 12:18 CST
Output:
----------------------------------------------------------
Running benchmarks...
-------------------------------
Testing ConsoleReporter Output
-------------------------------
2022-02-27T12:18:10+08:00
Running /home/sa/Cpp/cmake_project_test/IndexProject/build/_deps/benchmark-build/test/repetitions_test
Run on (8 X 3300 MHz CPU s)
CPU Caches:
  L1 Data 32 KiB (x1)
  L1 Instruction 32 KiB (x1)
  L2 Unified 256 KiB (x1)
  L3 Unified 25600 KiB (x1)
Load Average: 0.95, 0.70, 0.47
----------------------------------------------------------------------------------
Benchmark                                        Time             CPU   Iterations
----------------------------------------------------------------------------------
BM_ExplicitRepetitions/repeats:2             0.000 ns        0.000 ns   1000000000
BM_ExplicitRepetitions/repeats:2             0.000 ns        0.000 ns   1000000000
BM_ExplicitRepetitions/repeats:2_mean        0.000 ns        0.000 ns            2
BM_ExplicitRepetitions/repeats:2_median      0.000 ns        0.000 ns            2
BM_ExplicitRepetitions/repeats:2_stddev      0.000 ns        0.000 ns            2
BM_ExplicitRepetitions/repeats:2_cv           1.06 %          3.14 %             2
BM_ImplicitRepetitions                       0.000 ns        0.000 ns   1000000000
BM_ImplicitRepetitions                       0.000 ns        0.000 ns   1000000000
BM_ImplicitRepetitions                       0.000 ns        0.000 ns   1000000000
BM_ImplicitRepetitions_mean                  0.000 ns        0.000 ns            3
BM_ImplicitRepetitions_median                0.000 ns        0.000 ns            3
BM_ImplicitRepetitions_stddev                0.000 ns        0.000 ns            3
BM_ImplicitRepetitions_cv                     1.63 %          1.14 %             3

----------------------------
Testing JSONReporter Output
----------------------------
{
  "context": {
    "date": "2022-02-27T12:18:10+08:00",
    "host_name": "sa-virtual-machine",
    "executable": "/home/sa/Cpp/cmake_project_test/IndexProject/build/_deps/benchmark-build/test/repetitions_test",
    "num_cpus": 8,
    "mhz_per_cpu": 3300,
    "cpu_scaling_enabled": false,
    "caches": [
      {
        "type": "Data",
        "level": 1,
        "size": 32768,
        "num_sharing": 8
      },
      {
        "type": "Instruction",
        "level": 1,
        "size": 32768,
        "num_sharing": 8
      },
      {
        "type": "Unified",
        "level": 2,
        "size": 262144,
        "num_sharing": 8
      },
      {
        "type": "Unified",
        "level": 3,
        "size": 26214400,
        "num_sharing": 8
      }
    ],
    "load_avg": [0.95,0.7,0.47],
    "library_build_type": "release"
  },
  "benchmarks": [
    {
      "name": "BM_ExplicitRepetitions/repeats:2",
      "family_index": 0,
      "per_family_instance_index": 0,
      "run_name": "BM_ExplicitRepetitions/repeats:2",
      "run_type": "iteration",
      "repetitions": 2,
      "repetition_index": 0,
      "threads": 1,
      "iterations": 1000000000,
      "real_time": 7.3699993663467467e-07,
      "cpu_time": 6.9000000000110639e-07,
      "time_unit": "ns"
    },
    {
      "name": "BM_ExplicitRepetitions/repeats:2",
      "family_index": 0,
      "per_family_instance_index": 0,
      "run_name": "BM_ExplicitRepetitions/repeats:2",
      "run_type": "iteration",
      "repetitions": 2,
      "repetition_index": 1,
      "threads": 1,
      "iterations": 1000000000,
      "real_time": 7.2600050771143287e-07,
      "cpu_time": 6.5999999999954984e-07,
      "time_unit": "ns"
    },
    {
      "name": "BM_ExplicitRepetitions/repeats:2_mean",
      "family_index": 0,
      "per_family_instance_index": 0,
      "run_name": "BM_ExplicitRepetitions/repeats:2",
      "run_type": "aggregate",
      "repetitions": 2,
      "threads": 1,
      "aggregate_name": "mean",
      "aggregate_unit": "time",
      "iterations": 2,
      "real_time": 7.3150022217305388e-07,
      "cpu_time": 6.7500000000032822e-07,
      "time_unit": "ns"
    },
    {
      "name": "BM_ExplicitRepetitions/repeats:2_median",
      "family_index": 0,
      "per_family_instance_index": 0,
      "run_name": "BM_ExplicitRepetitions/repeats:2",
      "run_type": "aggregate",
      "repetitions": 2,
      "threads": 1,
      "aggregate_name": "median",
      "aggregate_unit": "time",
      "iterations": 2,
      "real_time": 7.3150022217305388e-07,
      "cpu_time": 6.7500000000032822e-07,
      "time_unit": "ns"
    },
    {
      "name": "BM_ExplicitRepetitions/repeats:2_stddev",
      "family_index": 0,
      "per_family_instance_index": 0,
      "run_name": "BM_ExplicitRepetitions/repeats:2",
      "run_type": "aggregate",
      "repetitions": 2,
      "threads": 1,
      "aggregate_name": "stddev",
      "aggregate_unit": "time",
      "iterations": 2,
      "real_time": 7.7777707808037187e-09,
      "cpu_time": 2.1213203436697479e-08,
      "time_unit": "ns"
    },
    {
      "name": "BM_ExplicitRepetitions/repeats:2_cv",
      "family_index": 0,
      "per_family_instance_index": 0,
      "run_name": "BM_ExplicitRepetitions/repeats:2",
      "run_type": "aggregate",
      "repetitions": 2,
      "threads": 1,
      "aggregate_name": "cv",
      "aggregate_unit": "percentage",
      "iterations": 2,
      "real_time": 1.0632629416978770e-02,
      "cpu_time": 3.1426968054351356e-02,
      "time_unit": "ns"
    },
    {
      "name": "BM_ImplicitRepetitions",
      "family_index": 1,
      "per_family_instance_index": 0,
      "run_name": "BM_ImplicitRepetitions",
      "run_type": "iteration",
      "repetitions": 3,
      "repetition_index": 0,
      "threads": 1,
      "iterations": 1000000000,
      "real_time": 7.0899841375648975e-07,
      "cpu_time": 6.6400000000091386e-07,
      "time_unit": "ns"
    },
    {
      "name": "BM_ImplicitRepetitions",
      "family_index": 1,
      "per_family_instance_index": 0,
      "run_name": "BM_ImplicitRepetitions",
      "run_type": "iteration",
      "repetitions": 3,
      "repetition_index": 1,
      "threads": 1,
      "iterations": 1000000000,
      "real_time": 7.2500006353948265e-07,
      "cpu_time": 6.6999999999775572e-07,
      "time_unit": "ns"
    },
    {
      "name": "BM_ImplicitRepetitions",
      "family_index": 1,
      "per_family_instance_index": 0,
      "run_name": "BM_ImplicitRepetitions",
      "run_type": "iteration",
      "repetitions": 3,
      "repetition_index": 2,
      "threads": 1,
      "iterations": 1000000000,
      "real_time": 7.3199953476432711e-07,
      "cpu_time": 6.5499999999871217e-07,
      "time_unit": "ns"
    },
    {
      "name": "BM_ImplicitRepetitions_mean",
      "family_index": 1,
      "per_family_instance_index": 0,
      "run_name": "BM_ImplicitRepetitions",
      "run_type": "aggregate",
      "repetitions": 3,
      "threads": 1,
      "aggregate_name": "mean",
      "aggregate_unit": "time",
      "iterations": 3,
      "real_time": 7.2199933735343303e-07,
      "cpu_time": 6.6299999999912729e-07,
      "time_unit": "ns"
    },
    {
      "name": "BM_ImplicitRepetitions_median",
      "family_index": 1,
      "per_family_instance_index": 0,
      "run_name": "BM_ImplicitRepetitions",
      "run_type": "aggregate",
      "repetitions": 3,
      "threads": 1,
      "aggregate_name": "median",
      "aggregate_unit": "time",
      "iterations": 3,
      "real_time": 7.2500006353948265e-07,
      "cpu_time": 6.6400000000091386e-07,
      "time_unit": "ns"
    },
    {
      "name": "BM_ImplicitRepetitions_stddev",
      "family_index": 1,
      "per_family_instance_index": 0,
      "run_name": "BM_ImplicitRepetitions",
      "run_type": "aggregate",
      "repetitions": 3,
      "threads": 1,
      "aggregate_name": "stddev",
      "aggregate_unit": "time",
      "iterations": 3,
      "real_time": 1.1790511445103248e-08,
      "cpu_time": 7.5498344349823084e-09,
      "time_unit": "ns"
    },
    {
      "name": "BM_ImplicitRepetitions_cv",
      "family_index": 1,
      "per_family_instance_index": 0,
      "run_name": "BM_ImplicitRepetitions",
      "run_type": "aggregate",
      "repetitions": 3,
      "threads": 1,
      "aggregate_name": "cv",
      "aggregate_unit": "percentage",
      "iterations": 3,
      "real_time": 1.6330363249809406e-02,
      "cpu_time": 1.1387382254890268e-02,
      "time_unit": "ns"
    }
  ]
}

---------------------------
Testing CSVReporter Output
---------------------------
2022-02-27T12:18:10+08:00
Running /home/sa/Cpp/cmake_project_test/IndexProject/build/_deps/benchmark-build/test/repetitions_test
Run on (8 X 3300 MHz CPU s)
CPU Caches:
  L1 Data 32 KiB (x1)
  L1 Instruction 32 KiB (x1)
  L2 Unified 256 KiB (x1)
  L3 Unified 25600 KiB (x1)
Load Average: 0.95, 0.70, 0.47
name,iterations,real_time,cpu_time,time_unit,bytes_per_second,items_per_second,label,error_occurred,error_message
"BM_ExplicitRepetitions/repeats:2",1000000000,7.37e-07,6.9e-07,ns,,,,,
"BM_ExplicitRepetitions/repeats:2",1000000000,7.26001e-07,6.6e-07,ns,,,,,
"BM_ExplicitRepetitions/repeats:2_mean",2,7.315e-07,6.75e-07,ns,,,,,
"BM_ExplicitRepetitions/repeats:2_median",2,7.315e-07,6.75e-07,ns,,,,,
"BM_ExplicitRepetitions/repeats:2_stddev",2,7.77777e-09,2.12132e-08,ns,,,,,
"BM_ExplicitRepetitions/repeats:2_cv",2,5.31631e+06,1.57135e+07,ns,,,,,
"BM_ImplicitRepetitions",1000000000,7.08998e-07,6.64e-07,ns,,,,,
"BM_ImplicitRepetitions",1000000000,7.25e-07,6.7e-07,ns,,,,,
"BM_ImplicitRepetitions",1000000000,7.32e-07,6.55e-07,ns,,,,,
"BM_ImplicitRepetitions_mean",3,7.21999e-07,6.63e-07,ns,,,,,
"BM_ImplicitRepetitions_median",3,7.25e-07,6.64e-07,ns,,,,,
"BM_ImplicitRepetitions_stddev",3,1.17905e-08,7.54983e-09,ns,,,,,
"BM_ImplicitRepetitions_cv",3,5.44345e+06,3.79579e+06,ns,,,,,

<end of output>
Test time =   0.08 sec
----------------------------------------------------------
Test Passed.
"repetitions_benchmark" end time: Feb 27 12:18 CST
"repetitions_benchmark" time elapsed: 00:00:00
----------------------------------------------------------

44/71 Testing: diagnostics_test
44/71 Test: diagnostics_test
Command: "/home/sa/Cpp/cmake_project_test/IndexProject/build/_deps/benchmark-build/test/diagnostics_test" "--benchmark_min_time=0.01"
Directory: /home/sa/Cpp/cmake_project_test/IndexProject/build/_deps/benchmark-build/test
"diagnostics_test" start time: Feb 27 12:18 CST
Output:
----------------------------------------------------------
2022-02-27T12:18:10+08:00
[...]
      "run_name": "BM_ComplexityCaptureArgs/capture_test",
      "run_type": "aggregate",
      "repetitions": 1,
      "threads": 1,
      "aggregate_name": "RMS",
      "aggregate_unit": "percentage",
      "rms": 3.1371192939259099e-03
    }
  ]
}

---------------------------
Testing CSVReporter Output
---------------------------
2022-02-27T12:18:14+08:00
Running /home/sa/Cpp/cmake_project_test/IndexProject/build/_deps/benchmark-build/test/complexity_test
Run on (8 X 3300 MHz CPU s)
CPU Caches:
  L1 Data 32 KiB (x1)
  L1 Instruction 32 KiB (x1)
  L2 Unified 256 KiB (x1)
  L3 Unified 25600 KiB (x1)
Load Average: 1.03, 0.73, 0.48
name,iterations,real_time,cpu_time,time_unit,bytes_per_second,items_per_second,label,error_occurred,error_message
"BM_Complexity_O1/1",6128,2221.09,2221.31,ns,,,,,
"BM_Complexity_O1/8",6734,2211.56,2204.96,ns,,,,,
"BM_Complexity_O1/64",6262,2240.22,2240.45,ns,,,,,
"BM_Complexity_O1/512",7343,2077.98,2076.12,ns,,,,,
"BM_Complexity_O1/4096",7152,2065.25,2065.38,ns,,,,,
"BM_Complexity_O1/32768",6911,2045.37,2045.54,ns,,,,,
"BM_Complexity_O1/262144",6725,2013.69,2005.5,ns,,,,,
"BM_Complexity_O1_BigO",,2125.02,2122.75,(1),,,,,
"BM_Complexity_O1_RMS",,0.0415275,0.0419466,,,,,,
"BM_Complexity_O1/1",6695,2076.45,2076.66,ns,,,,,
"BM_Complexity_O1/8",6748,2057.18,2057.76,ns,,,,,
"BM_Complexity_O1/64",6627,2082.71,2082.92,ns,,,,,
"BM_Complexity_O1/512",6663,2052.12,2052.32,ns,,,,,
"BM_Complexity_O1/4096",7100,2071.34,2071.58,ns,,,,,
"BM_Complexity_O1/32768",6730,2069.85,2071.45,ns,,,,,
"BM_Complexity_O1/262144",6753,2057.6,2048.94,ns,,,,,
"BM_Complexity_O1_BigO",,2066.75,2065.95,(1),,,,,
"BM_Complexity_O1_RMS",,0.00507145,0.00580474,,,,,,
"BM_Complexity_O1/1",6890,2053.67,2054.03,ns,,,,,
"BM_Complexity_O1/8",6497,2069.12,2069.27,ns,,,,,
"BM_Complexity_O1/64",6971,2079.39,2079.58,ns,,,,,
"BM_Complexity_O1/512",6889,2024.83,2025,ns,,,,,
"BM_Complexity_O1/4096",6396,2042.42,2042.58,ns,,,,,
"BM_Complexity_O1/32768",7044,2080.19,2073.4,ns,,,,,
"BM_Complexity_O1/262144",6382,2034.54,2034.71,ns,,,,,
"BM_Complexity_O1_BigO",,2054.88,2054.08,f(N),,,,,
"BM_Complexity_O1_RMS",,0.00993559,0.00939546,,,,,,
"BM_Complexity_O_N/1024",34813,395.067,395.128,ns,,,,,
"BM_Complexity_O_N/2048",17817,783.665,783.741,ns,,,,,
"BM_Complexity_O_N/4096",8759,1573.16,1573.34,ns,,,,,
"BM_Complexity_O_N/8192",4482,3189.36,3178.93,ns,,,,,
"BM_Complexity_O_N/16384",2253,6270.08,6270.34,ns,,,,,
"BM_Complexity_O_N/32768",1105,12530.1,12531.2,ns,,,,,
"BM_Complexity_O_N/65536",567,25876.6,24815.6,ns,,,,,
"BM_Complexity_O_N_BigO",,0.391833,0.379683,N,,,,,
"BM_Complexity_O_N_RMS",,0.0208424,0.00758184,,,,,,
"BM_Complexity_O_N/1024",35237,398.869,398.906,ns,,,,,
"BM_Complexity_O_N/2048",18172,779.537,776.957,ns,,,,,
"BM_Complexity_O_N/4096",8941,1556.78,1557.03,ns,,,,,
"BM_Complexity_O_N/8192",4595,3105.83,3106.33,ns,,,,,
"BM_Complexity_O_N/16384",2295,6226.69,6227.76,ns,,,,,
"BM_Complexity_O_N/32768",1102,12530.6,12532.8,ns,,,,,
"BM_Complexity_O_N/65536",567,24790.8,24790.6,ns,,,,,
"BM_Complexity_O_N_BigO",,0.379153,0.379167,f(N),,,,,
"BM_Complexity_O_N_RMS",,0.00655902,0.00666924,,,,,,
"BM_Complexity_O_N/1024",36275,396.039,394.83,ns,,,,,
"BM_Complexity_O_N/2048",17902,775.083,775.135,ns,,,,,
"BM_Complexity_O_N/4096",8771,1538.38,1538.45,ns,,,,,
"BM_Complexity_O_N/8192",4640,2986,2986.24,ns,,,,,
"BM_Complexity_O_N/16384",2324,5949.35,5929,ns,,,,,
"BM_Complexity_O_N/32768",1143,12256.9,12255.3,ns,,,,,
"BM_Complexity_O_N/65536",563,25215.6,25216.2,ns,,,,,
"BM_Complexity_O_N_BigO",,0.381468,0.381408,N,,,,,
"BM_Complexity_O_N_RMS",,0.0250321,0.0258176,,,,,,
"BM_Complexity_O_N_log_N/1024",2327,6101.28,6101.69,ns,,,,,
"BM_Complexity_O_N_log_N/2048",948,13617.5,13618.6,ns,,,,,
"BM_Complexity_O_N_log_N/4096",433,30600.5,30603.9,ns,,,,,
"BM_Complexity_O_N_log_N/8192",211,69493.3,69497.6,ns,,,,,
"BM_Complexity_O_N_log_N/16384",66,153364,153412,ns,,,,,
"BM_Complexity_O_N_log_N/32768",25,484788,484802,ns,,,,,
"BM_Complexity_O_N_log_N/65536",11,942239,942242,ns,,,,,
"BM_Complexity_O_N_log_N_BigO",,0.902462,0.902477,NlgN,,,,,
"BM_Complexity_O_N_log_N_RMS",,0.115872,0.115821,,,,,,
"BM_Complexity_O_N_log_N/1024",1730,8107.86,8081.53,ns,,,,,
"BM_Complexity_O_N_log_N/2048",763,16641.8,16647.3,ns,,,,,
"BM_Complexity_O_N_log_N/4096",376,36251.6,36253,ns,,,,,
"BM_Complexity_O_N_log_N/8192",119,85771.5,85870.1,ns,,,,,
"BM_Complexity_O_N_log_N/16384",55,190700,190707,ns,,,,,
"BM_Complexity_O_N_log_N/32768",21,527735,527753,ns,,,,,
"BM_Complexity_O_N_log_N/65536",13,901994,902947,ns,,,,,
"BM_Complexity_O_N_log_N_BigO",,0.895057,0.895781,f(N),,,,,
"BM_Complexity_O_N_log_N_RMS",,0.14532,0.144704,,,,,,
"BM_Complexity_O_N_log_N/1024",2262,6246.11,6246.41,ns,,,,,
"BM_Complexity_O_N_log_N/2048",986,13972.1,13972.8,ns,,,,,
"BM_Complexity_O_N_log_N/4096",425,30050,30051.2,ns,,,,,
"BM_Complexity_O_N_log_N/8192",196,69775.5,69779.3,ns,,,,,
"BM_Complexity_O_N_log_N/16384",66,160457,160479,ns,,,,,
"BM_Complexity_O_N_log_N/32768",30,361368,361381,ns,,,,,
"BM_Complexity_O_N_log_N/65536",15,852698,852701,ns,,,,,
"BM_Complexity_O_N_log_N_BigO",,0.793864,0.793875,NlgN,,,,,
"BM_Complexity_O_N_log_N_RMS",,0.0797153,0.0796789,,,,,,
"BM_ComplexityCaptureArgs/capture_test/1/3",22996730,0.617595,0.613527,ns,,,,,
"BM_ComplexityCaptureArgs/capture_test/2/3",22944015,0.613027,0.613063,ns,,,,,
"BM_ComplexityCaptureArgs/capture_test/1/4",23239473,0.609574,0.609611,ns,,,,,
"BM_ComplexityCaptureArgs/capture_test/2/4",23520355,0.614772,0.614806,ns,,,,,
"BM_ComplexityCaptureArgs/capture_test_BigO",,0.00613742,0.00612752,N,,,,,
"BM_ComplexityCaptureArgs/capture_test_RMS",,0.00473557,0.00313712,,,,,,

<end of output>
Test time =   1.39 sec
----------------------------------------------------------
Test Passed.
"complexity_benchmark" end time: Feb 27 12:18 CST
"complexity_benchmark" time elapsed: 00:00:01
----------------------------------------------------------

65/71 Testing: benchmark_gtest
65/71 Test: benchmark_gtest
Command: "/home/sa/Cpp/cmake_project_test/IndexProject/build/_deps/benchmark-build/test/benchmark_gtest"
Directory: /home/sa/Cpp/cmake_project_test/IndexProject/build/_deps/benchmark-build/test
"benchmark_gtest" start time: Feb 27 12:18 CST
Output:
----------------------------------------------------------
Running main() from gmock_main.cc
[==========] Running 20 tests from 2 test suites.
[----------] Global test environment set-up.
[----------] 18 tests from AddRangeTest
[ RUN      ] AddRangeTest.Simple
[       OK ] AddRangeTest.Simple (0 ms)
[ RUN      ] AddRangeTest.Simple64
[       OK ] AddRangeTest.Simple64 (0 ms)
[ RUN      ] AddRangeTest.Advanced
[       OK ] AddRangeTest.Advanced (0 ms)
[ RUN      ] AddRangeTest.Advanced64
[       OK ] AddRangeTest.Advanced64 (0 ms)
[ RUN      ] AddRangeTest.FullRange8
[       OK ] AddRangeTest.FullRange8 (0 ms)
[ RUN      ] AddRangeTest.FullRange64
[       OK ] AddRangeTest.FullRange64 (0 ms)
[ RUN      ] AddRangeTest.NegativeRanges
[       OK ] AddRangeTest.NegativeRanges (0 ms)
[ RUN      ] AddRangeTest.StrictlyNegative
[       OK ] AddRangeTest.StrictlyNegative (0 ms)
[ RUN      ] AddRangeTest.SymmetricNegativeRanges
[       OK ] AddRangeTest.SymmetricNegativeRanges (0 ms)
[ RUN      ] AddRangeTest.SymmetricNegativeRangesOddMult
[       OK ] AddRangeTest.SymmetricNegativeRangesOddMult (0 ms)
[ RUN      ] AddRangeTest.NegativeRangesAsymmetric
[       OK ] AddRangeTest.NegativeRangesAsymmetric (0 ms)
[ RUN      ] AddRangeTest.NegativeRangesLargeStep
[       OK ] AddRangeTest.NegativeRangesLargeStep (0 ms)
[ RUN      ] AddRangeTest.ZeroOnlyRange
[       OK ] AddRangeTest.ZeroOnlyRange (0 ms)
[ RUN      ] AddRangeTest.ZeroStartingRange
[       OK ] AddRangeTest.ZeroStartingRange (0 ms)
[ RUN      ] AddRangeTest.NegativeRange64
[       OK ] AddRangeTest.NegativeRange64 (0 ms)
[ RUN      ] AddRangeTest.NegativeRangePreservesExistingOrder
[       OK ] AddRangeTest.NegativeRangePreservesExistingOrder (0 ms)
[ RUN      ] AddRangeTest.FullNegativeRange64
[       OK ] AddRangeTest.FullNegativeRange64 (0 ms)
[ RUN      ] AddRangeTest.Simple8
[       OK ] AddRangeTest.Simple8 (0 ms)
[----------] 18 tests from AddRangeTest (0 ms total)

[----------] 2 tests from AddCustomContext
[ RUN      ] AddCustomContext.Simple
[       OK ] AddCustomContext.Simple (0 ms)
[ RUN      ] AddCustomContext.DuplicateKey
Failed to add custom context "foo" as it already exists with value "qux"
[       OK ] AddCustomContext.DuplicateKey (0 ms)
[----------] 2 tests from AddCustomContext (0 ms total)

[----------] Global test environment tear-down
[==========] 20 tests from 2 test suites ran. (0 ms total)
[  PASSED  ] 20 tests.
<end of output>
Test time =   0.00 sec
----------------------------------------------------------
Test Passed.
"benchmark_gtest" end time: Feb 27 12:18 CST
"benchmark_gtest" time elapsed: 00:00:00
----------------------------------------------------------

66/71 Testing: benchmark_name_gtest
66/71 Test: benchmark_name_gtest
Command: "/home/sa/Cpp/cmake_project_test/IndexProject/build/_deps/benchmark-build/test/benchmark_name_gtest"
Directory: /home/sa/Cpp/cmake_project_test/IndexProject/build/_deps/benchmark-build/test
"benchmark_name_gtest" start time: Feb 27 12:18 CST
Output:
----------------------------------------------------------
Running main() from gmock_main.cc
[==========] Running 9 tests from 1 test suite.
[----------] Global test environment set-up.
[----------] 9 tests from BenchmarkNameTest
[ RUN      ] BenchmarkNameTest.Empty
[       OK ] BenchmarkNameTest.Empty (0 ms)
[ RUN      ] BenchmarkNameTest.FunctionName
[       OK ] BenchmarkNameTest.FunctionName (0 ms)
[ RUN      ] BenchmarkNameTest.FunctionNameAndArgs
[       OK ] BenchmarkNameTest.FunctionNameAndArgs (0 ms)
[ RUN      ] BenchmarkNameTest.MinTime
[       OK ] BenchmarkNameTest.MinTime (0 ms)
[ RUN      ] BenchmarkNameTest.Iterations
[       OK ] BenchmarkNameTest.Iterations (0 ms)
[ RUN      ] BenchmarkNameTest.Repetitions
[       OK ] BenchmarkNameTest.Repetitions (0 ms)
[ RUN      ] BenchmarkNameTest.TimeType
[       OK ] BenchmarkNameTest.TimeType (0 ms)
[ RUN      ] BenchmarkNameTest.Threads
[       OK ] BenchmarkNameTest.Threads (0 ms)
[ RUN      ] BenchmarkNameTest.TestEmptyFunctionName
[       OK ] BenchmarkNameTest.TestEmptyFunctionName (0 ms)
[----------] 9 tests from BenchmarkNameTest (0 ms total)

[----------] Global test environment tear-down
[==========] 9 tests from 1 test suite ran. (0 ms total)
[  PASSED  ] 9 tests.
<end of output>
Test time =   0.00 sec
----------------------------------------------------------
Test Passed.
"benchmark_name_gtest" end time: Feb 27 12:18 CST
"benchmark_name_gtest" time elapsed: 00:00:00
----------------------------------------------------------

67/71 Testing: benchmark_random_interleaving_gtest
67/71 Test: benchmark_random_interleaving_gtest
Command: "/home/sa/Cpp/cmake_project_test/IndexProject/build/_deps/benchmark-build/test/benchmark_random_interleaving_gtest"
Directory: /home/sa/Cpp/cmake_project_test/IndexProject/build/_deps/benchmark-build/test
"benchmark_random_interleaving_gtest" start time: Feb 27 12:18 CST
Output:
----------------------------------------------------------
Running main() from gmock_main.cc
[==========] Running 3 tests from 1 test suite.
[----------] Global test environment set-up.
[----------] 3 tests from BenchmarkTest
[ RUN      ] BenchmarkTest.Match1
[       OK ] BenchmarkTest.Match1 (39 ms)
[ RUN      ] BenchmarkTest.Match1WithRepetition
[       OK ] BenchmarkTest.Match1WithRepetition (0 ms)
[ RUN      ] BenchmarkTest.Match1WithRandomInterleaving
[       OK ] BenchmarkTest.Match1WithRandomInterleaving (0 ms)
[----------] 3 tests from BenchmarkTest (40 ms total)

[----------] Global test environment tear-down
[==========] 3 tests from 1 test suite ran. (40 ms total)
[  PASSED  ] 3 tests.
<end of output>
Test time =   0.04 sec
----------------------------------------------------------
Test Passed.
"benchmark_random_interleaving_gtest" end time: Feb 27 12:18 CST
"benchmark_random_interleaving_gtest" time elapsed: 00:00:00
----------------------------------------------------------

68/71 Testing: commandlineflags_gtest
68/71 Test: commandlineflags_gtest
Command: "/home/sa/Cpp/cmake_project_test/IndexProject/build/_deps/benchmark-build/test/commandlineflags_gtest"
Directory: /home/sa/Cpp/cmake_project_test/IndexProject/build/_deps/benchmark-build/test
"commandlineflags_gtest" start time: Feb 27 12:18 CST
Output:
----------------------------------------------------------
Running main() from gmock_main.cc
[==========] Running 15 tests from 5 test suites.
[----------] Global test environment set-up.
[----------] 3 tests from BoolFromEnv
[ RUN      ] BoolFromEnv.Default
[       OK ] BoolFromEnv.Default (0 ms)
[ RUN      ] BoolFromEnv.False
[       OK ] BoolFromEnv.False (0 ms)
[ RUN      ] BoolFromEnv.True
[       OK ] BoolFromEnv.True (0 ms)
[----------] 3 tests from BoolFromEnv (0 ms total)

[----------] 3 tests from Int32FromEnv
[ RUN      ] Int32FromEnv.NotInEnv
[       OK ] Int32FromEnv.NotInEnv (0 ms)
[ RUN      ] Int32FromEnv.InvalidInteger
Environment variable IN_ENV is expected to be a 32-bit integer, but actually has value "foo".
[       OK ] Int32FromEnv.InvalidInteger (0 ms)
[ RUN      ] Int32FromEnv.ValidInteger
[       OK ] Int32FromEnv.ValidInteger (0 ms)
[----------] 3 tests from Int32FromEnv (0 ms total)

[----------] 3 tests from DoubleFromEnv
[ RUN      ] DoubleFromEnv.NotInEnv
[       OK ] DoubleFromEnv.NotInEnv (0 ms)
[ RUN      ] DoubleFromEnv.InvalidReal
Environment variable IN_ENV is expected to be a double, but actually has value "foo".
[       OK ] DoubleFromEnv.InvalidReal (0 ms)
[ RUN      ] DoubleFromEnv.ValidReal
[       OK ] DoubleFromEnv.ValidReal (0 ms)
[----------] 3 tests from DoubleFromEnv (0 ms total)

[----------] 2 tests from StringFromEnv
[ RUN      ] StringFromEnv.Default
[       OK ] StringFromEnv.Default (0 ms)
[ RUN      ] StringFromEnv.Valid
[       OK ] StringFromEnv.Valid (0 ms)
[----------] 2 tests from StringFromEnv (0 ms total)

[----------] 4 tests from KvPairsFromEnv
[ RUN      ] KvPairsFromEnv.Default
[       OK ] KvPairsFromEnv.Default (0 ms)
[ RUN      ] KvPairsFromEnv.MalformedReturnsDefault
Environment variable IN_ENV is expected to be a comma-separated list of <key>=<value> strings, but actually has value "foo".
[       OK ] KvPairsFromEnv.MalformedReturnsDefault (0 ms)
[ RUN      ] KvPairsFromEnv.Single
[       OK ] KvPairsFromEnv.Single (0 ms)
[ RUN      ] KvPairsFromEnv.Multiple
[       OK ] KvPairsFromEnv.Multiple (0 ms)
[----------] 4 tests from KvPairsFromEnv (0 ms total)

[----------] Global test environment tear-down
[==========] 15 tests from 5 test suites ran. (0 ms total)
[  PASSED  ] 15 tests.
<end of output>
Test time =   0.00 sec
----------------------------------------------------------
Test Passed.
"commandlineflags_gtest" end time: Feb 27 12:18 CST
"commandlineflags_gtest" time elapsed: 00:00:00
----------------------------------------------------------

69/71 Testing: statistics_gtest
69/71 Test: statistics_gtest
Command: "/home/sa/Cpp/cmake_project_test/IndexProject/build/_deps/benchmark-build/test/statistics_gtest"
Directory: /home/sa/Cpp/cmake_project_test/IndexProject/build/_deps/benchmark-build/test
"statistics_gtest" start time: Feb 27 12:18 CST
Output:
----------------------------------------------------------
Running main() from gmock_main.cc
[==========] Running 4 tests from 1 test suite.
[----------] Global test environment set-up.
[----------] 4 tests from StatisticsTest
[ RUN      ] StatisticsTest.Mean
[       OK ] StatisticsTest.Mean (0 ms)
[ RUN      ] StatisticsTest.Median
[       OK ] StatisticsTest.Median (0 ms)
[ RUN      ] StatisticsTest.StdDev
[       OK ] StatisticsTest.StdDev (0 ms)
[ RUN      ] StatisticsTest.CV
[       OK ] StatisticsTest.CV (0 ms)
[----------] 4 tests from StatisticsTest (0 ms total)

[----------] Global test environment tear-down
[==========] 4 tests from 1 test suite ran. (0 ms total)
[  PASSED  ] 4 tests.
<end of output>
Test time =   0.00 sec
----------------------------------------------------------
Test Passed.
"statistics_gtest" end time: Feb 27 12:18 CST
"statistics_gtest" time elapsed: 00:00:00
----------------------------------------------------------

70/71 Testing: string_util_gtest
70/71 Test: string_util_gtest
Command: "/home/sa/Cpp/cmake_project_test/IndexProject/build/_deps/benchmark-build/test/string_util_gtest"
Directory: /home/sa/Cpp/cmake_project_test/IndexProject/build/_deps/benchmark-build/test
"string_util_gtest" start time: Feb 27 12:18 CST
Output:
----------------------------------------------------------
Running main() from gmock_main.cc
[==========] Running 4 tests from 1 test suite.
[----------] Global test environment set-up.
[----------] 4 tests from StringUtilTest
[ RUN      ] StringUtilTest.stoul
[       OK ] StringUtilTest.stoul (0 ms)
[ RUN      ] StringUtilTest.stoi
[       OK ] StringUtilTest.stoi (0 ms)
[ RUN      ] StringUtilTest.stod
[       OK ] StringUtilTest.stod (0 ms)
[ RUN      ] StringUtilTest.StrSplit
[       OK ] StringUtilTest.StrSplit (0 ms)
[----------] 4 tests from StringUtilTest (0 ms total)

[----------] Global test environment tear-down
[==========] 4 tests from 1 test suite ran. (0 ms total)
[  PASSED  ] 4 tests.
<end of output>
Test time =   0.00 sec
----------------------------------------------------------
Test Passed.
"string_util_gtest" end time: Feb 27 12:18 CST
"string_util_gtest" time elapsed: 00:00:00
----------------------------------------------------------

71/71 Testing: perf_counters_gtest
71/71 Test: perf_counters_gtest
Command: "/home/sa/Cpp/cmake_project_test/IndexProject/build/_deps/benchmark-build/test/perf_counters_gtest"
Directory: /home/sa/Cpp/cmake_project_test/IndexProject/build/_deps/benchmark-build/test
"perf_counters_gtest" start time: Feb 27 12:18 CST
Output:
----------------------------------------------------------
Running main() from gmock_main.cc
[==========] Running 6 tests from 1 test suite.
[----------] Global test environment set-up.
[----------] 6 tests from PerfCountersTest
[ RUN      ] PerfCountersTest.Init
[       OK ] PerfCountersTest.Init (0 ms)
[ RUN      ] PerfCountersTest.OneCounter
/home/sa/Cpp/cmake_project_test/IndexProject/build/_deps/benchmark-src/test/perf_counters_gtest.cc:27: Skipped
Performance counters not supported.

[  SKIPPED ] PerfCountersTest.OneCounter (0 ms)
[ RUN      ] PerfCountersTest.NegativeTest
[       OK ] PerfCountersTest.NegativeTest (0 ms)
[ RUN      ] PerfCountersTest.Read1Counter
/home/sa/Cpp/cmake_project_test/IndexProject/build/_deps/benchmark-src/test/perf_counters_gtest.cc:66: Skipped
Test skipped because libpfm is not supported.

[  SKIPPED ] PerfCountersTest.Read1Counter (0 ms)
[ RUN      ] PerfCountersTest.Read2Counters
/home/sa/Cpp/cmake_project_test/IndexProject/build/_deps/benchmark-src/test/perf_counters_gtest.cc:82: Skipped
Test skipped because libpfm is not supported.

[  SKIPPED ] PerfCountersTest.Read2Counters (0 ms)
[ RUN      ] PerfCountersTest.MultiThreaded
/home/sa/Cpp/cmake_project_test/IndexProject/build/_deps/benchmark-src/test/perf_counters_gtest.cc:126: Skipped
Test skipped because libpfm is not supported.
[  SKIPPED ] PerfCountersTest.MultiThreaded (0 ms)
[----------] 6 tests from PerfCountersTest (0 ms total)

[----------] Global test environment tear-down
[==========] 6 tests from 1 test suite ran. (0 ms total)
[  PASSED  ] 2 tests.
[  SKIPPED ] 4 tests, listed below:
[  SKIPPED ] PerfCountersTest.OneCounter
[  SKIPPED ] PerfCountersTest.Read1Counter
[  SKIPPED ] PerfCountersTest.Read2Counters
[  SKIPPED ] PerfCountersTest.MultiThreaded
<end of output>
Test time =   0.00 sec
----------------------------------------------------------
Test Passed.
"perf_counters_gtest" end time: Feb 27 12:18 CST
"perf_counters_gtest" time elapsed: 00:00:00
----------------------------------------------------------

End testing: Feb 27 12:18 CST
