Start testing: Feb 27 15:21 CST
----------------------------------------------------------
1/1 Testing: blaTest.test1
1/1 Test: blaTest.test1
Command: "/home/sa/Cpp/cmake_project_test/IndexProject/build/hello_test" "--gtest_filter=blaTest.test1" "--gtest_also_run_disabled_tests"
Directory: /home/sa/Cpp/cmake_project_test/IndexProject/build
"blaTest.test1" start time: Feb 27 15:21 CST
Output:
----------------------------------------------------------
Note: Google Test filter = blaTest.test1
[==========] Running 1 test from 1 test suite.
[----------] Global test environment set-up.
[----------] 1 test from blaTest
[ RUN      ] blaTest.test1
/home/sa/Cpp/cmake_project_test/IndexProject/hello_test.cpp:19: Failure
Expected equality of these values:
  Formula::bla(4)
    Which is: 8
  6
[  FAILED  ] blaTest.test1 (0 ms)
[----------] 1 test from blaTest (0 ms total)

[----------] Global test environment tear-down
[==========] 1 test from 1 test suite ran. (0 ms total)
[  PASSED  ] 0 tests.
[  FAILED  ] 1 test, listed below:
[  FAILED  ] blaTest.test1

 1 FAILED TEST
<end of output>
Test time =   0.00 sec
----------------------------------------------------------
Test Failed.
"blaTest.test1" end time: Feb 27 15:21 CST
"blaTest.test1" time elapsed: 00:00:00
----------------------------------------------------------

End testing: Feb 27 15:21 CST
