Start testing: Feb 27 16:23 CST
----------------------------------------------------------
1/2 Testing: SquareRootTest.PositiveNos
1/2 Test: SquareRootTest.PositiveNos
Command: "/home/sa/Cpp/cmake_project_test/IndexProject/build/hello_test" "--gtest_filter=SquareRootTest.PositiveNos" "--gtest_also_run_disabled_tests"
Directory: /home/sa/Cpp/cmake_project_test/IndexProject/build
"SquareRootTest.PositiveNos" start time: Feb 27 16:23 CST
Output:
----------------------------------------------------------
Note: Google Test filter = SquareRootTest.PositiveNos
[==========] Running 1 test from 1 test suite.
[----------] Global test environment set-up.
[----------] 1 test from SquareRootTest
[ RUN      ] SquareRootTest.PositiveNos
[       OK ] SquareRootTest.PositiveNos (0 ms)
[----------] 1 test from SquareRootTest (0 ms total)

[----------] Global test environment tear-down
[==========] 1 test from 1 test suite ran. (0 ms total)
[  PASSED  ] 1 test.
<end of output>
Test time =   0.00 sec
----------------------------------------------------------
Test Passed.
"SquareRootTest.PositiveNos" end time: Feb 27 16:23 CST
"SquareRootTest.PositiveNos" time elapsed: 00:00:00
----------------------------------------------------------

2/2 Testing: SquareRootTest.NegtiveNos
2/2 Test: SquareRootTest.NegtiveNos
Command: "/home/sa/Cpp/cmake_project_test/IndexProject/build/hello_test" "--gtest_filter=SquareRootTest.NegtiveNos" "--gtest_also_run_disabled_tests"
Directory: /home/sa/Cpp/cmake_project_test/IndexProject/build
"SquareRootTest.NegtiveNos" start time: Feb 27 16:23 CST
Output:
----------------------------------------------------------
Note: Google Test filter = SquareRootTest.NegtiveNos
[==========] Running 1 test from 1 test suite.
[----------] Global test environment set-up.
[----------] 1 test from SquareRootTest
[ RUN      ] SquareRootTest.NegtiveNos
[       OK ] SquareRootTest.NegtiveNos (0 ms)
[----------] 1 test from SquareRootTest (0 ms total)

[----------] Global test environment tear-down
[==========] 1 test from 1 test suite ran. (0 ms total)
[  PASSED  ] 1 test.
<end of output>
Test time =   0.00 sec
----------------------------------------------------------
Test Passed.
"SquareRootTest.NegtiveNos" end time: Feb 27 16:23 CST
"SquareRootTest.NegtiveNos" time elapsed: 00:00:00
----------------------------------------------------------

End testing: Feb 27 16:23 CST
